{"/Volumes/onudev/playground/nestjs-msa/apps/user/src/modules/auth/auth.controller.ts": {"path":"/Volumes/onudev/playground/nestjs-msa/apps/user/src/modules/auth/auth.controller.ts","statementMap":{"0":{"start":{"line":1,"column":0},"end":{"line":1,"column":65}},"1":{"start":{"line":2,"column":0},"end":{"line":2,"column":45}},"2":{"start":{"line":4,"column":0},"end":{"line":4,"column":51}},"3":{"start":{"line":8,"column":7},"end":{"line":20,"column":null}},"4":{"start":{"line":9,"column":33},"end":{"line":9,"column":46}},"5":{"start":{"line":18,"column":8},"end":{"line":18,"column":84}},"6":{"start":{"line":8,"column":13},"end":{"line":8,"column":27}},"7":{"start":{"line":13,"column":4},"end":{"line":13,"column":null}},"8":{"start":{"line":17,"column":4},"end":{"line":19,"column":null}},"9":{"start":{"line":8,"column":13},"end":{"line":20,"column":null}}},"fnMap":{"0":{"name":"(anonymous_4)","decl":{"start":{"line":9,"column":4},"end":{"line":9,"column":33}},"loc":{"start":{"line":9,"column":57},"end":{"line":9,"column":61}}},"1":{"name":"(anonymous_5)","decl":{"start":{"line":13,"column":4},"end":{"line":13,"column":20}},"loc":{"start":{"line":13,"column":20},"end":{"line":13,"column":25}}},"2":{"name":"(anonymous_6)","decl":{"start":{"line":17,"column":4},"end":{"line":17,"column":28}},"loc":{"start":{"line":17,"column":48},"end":{"line":19,"column":5}}}},"branchMap":{},"s":{"0":0,"1":0,"2":0,"3":0,"4":0,"5":0,"6":0,"7":0,"8":0,"9":0},"f":{"0":0,"1":0,"2":0},"b":{}}
,"/Volumes/onudev/playground/nestjs-msa/apps/user/src/modules/user/user.controller.ts": {"path":"/Volumes/onudev/playground/nestjs-msa/apps/user/src/modules/user/user.controller.ts","statementMap":{"0":{"start":{"line":1,"column":0},"end":{"line":1,"column":44}},"1":{"start":{"line":2,"column":0},"end":{"line":2,"column":45}},"2":{"start":{"line":3,"column":0},"end":{"line":3,"column":47}},"3":{"start":{"line":7,"column":7},"end":{"line":25,"column":null}},"4":{"start":{"line":8,"column":33},"end":{"line":8,"column":46}},"5":{"start":{"line":11,"column":8},"end":{"line":11,"column":78}},"6":{"start":{"line":15,"column":8},"end":{"line":15,"column":64}},"7":{"start":{"line":19,"column":8},"end":{"line":19,"column":67}},"8":{"start":{"line":23,"column":8},"end":{"line":23,"column":56}},"9":{"start":{"line":7,"column":13},"end":{"line":7,"column":27}},"10":{"start":{"line":7,"column":13},"end":{"line":25,"column":null}}},"fnMap":{"0":{"name":"(anonymous_2)","decl":{"start":{"line":8,"column":4},"end":{"line":8,"column":33}},"loc":{"start":{"line":8,"column":57},"end":{"line":8,"column":61}}},"1":{"name":"(anonymous_3)","decl":{"start":{"line":10,"column":4},"end":{"line":10,"column":15}},"loc":{"start":{"line":10,"column":60},"end":{"line":12,"column":5}}},"2":{"name":"(anonymous_4)","decl":{"start":{"line":14,"column":4},"end":{"line":14,"column":23}},"loc":{"start":{"line":14,"column":76},"end":{"line":16,"column":5}}},"3":{"name":"(anonymous_5)","decl":{"start":{"line":18,"column":4},"end":{"line":18,"column":16}},"loc":{"start":{"line":18,"column":62},"end":{"line":20,"column":5}}},"4":{"name":"(anonymous_6)","decl":{"start":{"line":22,"column":4},"end":{"line":22,"column":18}},"loc":{"start":{"line":22,"column":66},"end":{"line":24,"column":5}}}},"branchMap":{},"s":{"0":1,"1":1,"2":1,"3":1,"4":4,"5":1,"6":1,"7":1,"8":1,"9":1,"10":1},"f":{"0":4,"1":1,"2":1,"3":1,"4":1},"b":{}}
,"/Volumes/onudev/playground/nestjs-msa/apps/user/src/modules/user/user.service.ts": {"path":"/Volumes/onudev/playground/nestjs-msa/apps/user/src/modules/user/user.service.ts","statementMap":{"0":{"start":{"line":1,"column":0},"end":{"line":1,"column":44}},"1":{"start":{"line":3,"column":0},"end":{"line":3,"column":37}},"2":{"start":{"line":4,"column":0},"end":{"line":4,"column":51}},"3":{"start":{"line":5,"column":0},"end":{"line":5,"column":56}},"4":{"start":{"line":6,"column":0},"end":{"line":6,"column":70}},"5":{"start":{"line":7,"column":0},"end":{"line":7,"column":41}},"6":{"start":{"line":8,"column":0},"end":{"line":8,"column":47}},"7":{"start":{"line":9,"column":0},"end":{"line":9,"column":61}},"8":{"start":{"line":12,"column":7},"end":{"line":240,"column":null}},"9":{"start":{"line":19,"column":45},"end":{"line":19,"column":57}},"10":{"start":{"line":21,"column":25},"end":{"line":21,"column":37}},"11":{"start":{"line":22,"column":25},"end":{"line":22,"column":40}},"12":{"start":{"line":23,"column":25},"end":{"line":23,"column":39}},"13":{"start":{"line":25,"column":8},"end":{"line":25,"column":91}},"14":{"start":{"line":26,"column":8},"end":{"line":26,"column":93}},"15":{"start":{"line":27,"column":8},"end":{"line":27,"column":98}},"16":{"start":{"line":28,"column":8},"end":{"line":28,"column":100}},"17":{"start":{"line":37,"column":21},"end":{"line":42,"column":10}},"18":{"start":{"line":44,"column":8},"end":{"line":50,"column":9}},"19":{"start":{"line":45,"column":28},"end":{"line":48,"column":14}},"20":{"start":{"line":49,"column":12},"end":{"line":49,"column":75}},"21":{"start":{"line":52,"column":8},"end":{"line":52,"column":20}},"22":{"start":{"line":61,"column":8},"end":{"line":65,"column":9}},"23":{"start":{"line":62,"column":12},"end":{"line":62,"column":58}},"24":{"start":{"line":64,"column":12},"end":{"line":64,"column":66}},"25":{"start":{"line":78,"column":21},"end":{"line":80,"column":10}},"26":{"start":{"line":83,"column":8},"end":{"line":83,"column":51}},"27":{"start":{"line":85,"column":8},"end":{"line":87,"column":9}},"28":{"start":{"line":86,"column":12},"end":{"line":86,"column":69}},"29":{"start":{"line":89,"column":8},"end":{"line":92,"column":10}},"30":{"start":{"line":102,"column":24},"end":{"line":110,"column":10}},"31":{"start":{"line":112,"column":8},"end":{"line":115,"column":11}},"32":{"start":{"line":183,"column":8},"end":{"line":190,"column":9}},"33":{"start":{"line":184,"column":24},"end":{"line":184,"column":53}},"34":{"start":{"line":185,"column":24},"end":{"line":185,"column":49}},"35":{"start":{"line":186,"column":12},"end":{"line":186,"column":78}},"36":{"start":{"line":188,"column":24},"end":{"line":188,"column":78}},"37":{"start":{"line":189,"column":12},"end":{"line":189,"column":78}},"38":{"start":{"line":199,"column":27},"end":{"line":199,"column":80}},"39":{"start":{"line":200,"column":8},"end":{"line":200,"column":26}},"40":{"start":{"line":208,"column":8},"end":{"line":208,"column":62}},"41":{"start":{"line":217,"column":21},"end":{"line":217,"column":94}},"42":{"start":{"line":218,"column":8},"end":{"line":218,"column":20}},"43":{"start":{"line":227,"column":8},"end":{"line":227,"column":91}},"44":{"start":{"line":229,"column":21},"end":{"line":229,"column":63}},"45":{"start":{"line":231,"column":8},"end":{"line":233,"column":9}},"46":{"start":{"line":232,"column":12},"end":{"line":232,"column":69}},"47":{"start":{"line":236,"column":8},"end":{"line":236,"column":44}},"48":{"start":{"line":238,"column":8},"end":{"line":238,"column":20}},"49":{"start":{"line":12,"column":13},"end":{"line":12,"column":24}},"50":{"start":{"line":12,"column":13},"end":{"line":240,"column":null}}},"fnMap":{"0":{"name":"(anonymous_4)","decl":{"start":{"line":18,"column":4},"end":{"line":18,"column":null}},"loc":{"start":{"line":23,"column":51},"end":{"line":29,"column":5}}},"1":{"name":"(anonymous_5)","decl":{"start":{"line":36,"column":4},"end":{"line":36,"column":9}},"loc":{"start":{"line":36,"column":61},"end":{"line":53,"column":5}}},"2":{"name":"(anonymous_6)","decl":{"start":{"line":60,"column":4},"end":{"line":60,"column":9}},"loc":{"start":{"line":60,"column":43},"end":{"line":66,"column":5}}},"3":{"name":"(anonymous_7)","decl":{"start":{"line":74,"column":4},"end":{"line":74,"column":9}},"loc":{"start":{"line":74,"column":43},"end":{"line":93,"column":5}}},"4":{"name":"(anonymous_8)","decl":{"start":{"line":101,"column":4},"end":{"line":101,"column":14}},"loc":{"start":{"line":101,"column":51},"end":{"line":116,"column":5}}},"5":{"name":"(anonymous_9)","decl":{"start":{"line":182,"column":4},"end":{"line":182,"column":9}},"loc":{"start":{"line":182,"column":66},"end":{"line":191,"column":5}}},"6":{"name":"(anonymous_10)","decl":{"start":{"line":198,"column":4},"end":{"line":198,"column":9}},"loc":{"start":{"line":198,"column":45},"end":{"line":201,"column":5}}},"7":{"name":"(anonymous_11)","decl":{"start":{"line":207,"column":4},"end":{"line":207,"column":9}},"loc":{"start":{"line":207,"column":48},"end":{"line":209,"column":5}}},"8":{"name":"(anonymous_12)","decl":{"start":{"line":216,"column":4},"end":{"line":216,"column":9}},"loc":{"start":{"line":216,"column":44},"end":{"line":219,"column":5}}},"9":{"name":"(anonymous_13)","decl":{"start":{"line":226,"column":4},"end":{"line":226,"column":9}},"loc":{"start":{"line":226,"column":72},"end":{"line":239,"column":5}}}},"branchMap":{"0":{"loc":{"start":{"line":44,"column":8},"end":{"line":50,"column":9}},"type":"if","locations":[{"start":{"line":44,"column":8},"end":{"line":50,"column":9}}]},"1":{"loc":{"start":{"line":85,"column":8},"end":{"line":87,"column":9}},"type":"if","locations":[{"start":{"line":85,"column":8},"end":{"line":87,"column":9}}]},"2":{"loc":{"start":{"line":108,"column":18},"end":{"line":108,"column":50}},"type":"cond-expr","locations":[{"start":{"line":108,"column":30},"end":{"line":108,"column":39}},{"start":{"line":108,"column":42},"end":{"line":108,"column":50}}]},"3":{"loc":{"start":{"line":113,"column":20},"end":{"line":113,"column":70}},"type":"cond-expr","locations":[{"start":{"line":113,"column":32},"end":{"line":113,"column":50}},{"start":{"line":113,"column":53},"end":{"line":113,"column":70}}]},"4":{"loc":{"start":{"line":114,"column":23},"end":{"line":114,"column":77}},"type":"cond-expr","locations":[{"start":{"line":114,"column":35},"end":{"line":114,"column":55}},{"start":{"line":114,"column":58},"end":{"line":114,"column":77}}]},"5":{"loc":{"start":{"line":183,"column":8},"end":{"line":190,"column":9}},"type":"if","locations":[{"start":{"line":183,"column":8},"end":{"line":190,"column":9}},{"start":{"line":187,"column":15},"end":{"line":190,"column":9}}]},"6":{"loc":{"start":{"line":231,"column":8},"end":{"line":233,"column":9}},"type":"if","locations":[{"start":{"line":231,"column":8},"end":{"line":233,"column":9}}]}},"s":{"0":2,"1":2,"2":2,"3":2,"4":2,"5":2,"6":2,"7":2,"8":2,"9":14,"10":14,"11":14,"12":14,"13":14,"14":14,"15":14,"16":14,"17":2,"18":2,"19":1,"20":1,"21":1,"22":2,"23":2,"24":1,"25":2,"26":2,"27":2,"28":1,"29":1,"30":2,"31":2,"32":1,"33":1,"34":1,"35":1,"36":0,"37":0,"38":1,"39":1,"40":1,"41":1,"42":1,"43":2,"44":2,"45":2,"46":1,"47":1,"48":1,"49":2,"50":2},"f":{"0":14,"1":2,"2":2,"3":2,"4":2,"5":1,"6":1,"7":1,"8":1,"9":2},"b":{"0":[1],"1":[1],"2":[1,1],"3":[1,1],"4":[1,1],"5":[1,0],"6":[1]}}
}
