{"/Volumes/onudev/playground/nestjs-msa/apps/product/src/modules/category/category.controller.ts": {"path":"/Volumes/onudev/playground/nestjs-msa/apps/product/src/modules/category/category.controller.ts","statementMap":{"0":{"start":{"line":1,"column":0},"end":{"line":1,"column":44}},"1":{"start":{"line":2,"column":0},"end":{"line":2,"column":50}},"2":{"start":{"line":3,"column":0},"end":{"line":3,"column":53}},"3":{"start":{"line":4,"column":0},"end":{"line":4,"column":51}},"4":{"start":{"line":5,"column":0},"end":{"line":5,"column":75}},"5":{"start":{"line":8,"column":7},"end":{"line":54,"column":null}},"6":{"start":{"line":15,"column":33},"end":{"line":15,"column":50}},"7":{"start":{"line":21,"column":25},"end":{"line":21,"column":75}},"8":{"start":{"line":22,"column":8},"end":{"line":22,"column":67}},"9":{"start":{"line":27,"column":25},"end":{"line":27,"column":70}},"10":{"start":{"line":28,"column":8},"end":{"line":30,"column":10}},"11":{"start":{"line":29,"column":49},"end":{"line":29,"column":100}},"12":{"start":{"line":37,"column":25},"end":{"line":37,"column":79}},"13":{"start":{"line":38,"column":8},"end":{"line":38,"column":67}},"14":{"start":{"line":45,"column":25},"end":{"line":45,"column":75}},"15":{"start":{"line":46,"column":8},"end":{"line":46,"column":67}},"16":{"start":{"line":51,"column":8},"end":{"line":51,"column":56}},"17":{"start":{"line":52,"column":8},"end":{"line":52,"column":20}},"18":{"start":{"line":8,"column":13},"end":{"line":8,"column":31}},"19":{"start":{"line":18,"column":10},"end":{"line":23,"column":null}},"20":{"start":{"line":26,"column":10},"end":{"line":31,"column":null}},"21":{"start":{"line":34,"column":10},"end":{"line":39,"column":null}},"22":{"start":{"line":42,"column":10},"end":{"line":47,"column":null}},"23":{"start":{"line":50,"column":4},"end":{"line":53,"column":null}},"24":{"start":{"line":8,"column":13},"end":{"line":54,"column":null}}},"fnMap":{"0":{"name":"(anonymous_2)","decl":{"start":{"line":15,"column":4},"end":{"line":15,"column":33}},"loc":{"start":{"line":15,"column":65},"end":{"line":15,"column":69}}},"1":{"name":"(anonymous_3)","decl":{"start":{"line":18,"column":4},"end":{"line":18,"column":9}},"loc":{"start":{"line":19,"column":58},"end":{"line":23,"column":5}}},"2":{"name":"(anonymous_4)","decl":{"start":{"line":26,"column":4},"end":{"line":26,"column":9}},"loc":{"start":{"line":26,"column":26},"end":{"line":31,"column":5}}},"3":{"name":"(anonymous_5)","decl":{"start":{"line":29,"column":37},"end":{"line":29,"column":45}},"loc":{"start":{"line":29,"column":49},"end":{"line":29,"column":100}}},"4":{"name":"(anonymous_6)","decl":{"start":{"line":34,"column":4},"end":{"line":34,"column":9}},"loc":{"start":{"line":35,"column":59},"end":{"line":39,"column":5}}},"5":{"name":"(anonymous_7)","decl":{"start":{"line":42,"column":4},"end":{"line":42,"column":9}},"loc":{"start":{"line":43,"column":58},"end":{"line":47,"column":5}}},"6":{"name":"(anonymous_8)","decl":{"start":{"line":50,"column":4},"end":{"line":50,"column":18}},"loc":{"start":{"line":50,"column":69},"end":{"line":53,"column":5}}}},"branchMap":{},"s":{"0":1,"1":1,"2":1,"3":1,"4":1,"5":1,"6":5,"7":1,"8":1,"9":1,"10":1,"11":1,"12":1,"13":1,"14":1,"15":1,"16":1,"17":1,"18":1,"19":1,"20":1,"21":1,"22":1,"23":1,"24":1},"f":{"0":5,"1":1,"2":1,"3":1,"4":1,"5":1,"6":1},"b":{}}
,"/Volumes/onudev/playground/nestjs-msa/apps/product/src/modules/category/category.service.ts": {"path":"/Volumes/onudev/playground/nestjs-msa/apps/product/src/modules/category/category.service.ts","statementMap":{"0":{"start":{"line":1,"column":0},"end":{"line":1,"column":44}},"1":{"start":{"line":2,"column":0},"end":{"line":2,"column":51}},"2":{"start":{"line":3,"column":0},"end":{"line":3,"column":79}},"3":{"start":{"line":4,"column":0},"end":{"line":4,"column":37}},"4":{"start":{"line":6,"column":0},"end":{"line":6,"column":63}},"5":{"start":{"line":9,"column":7},"end":{"line":120,"column":null}},"6":{"start":{"line":10,"column":53},"end":{"line":10,"column":65}},"7":{"start":{"line":18,"column":48},"end":{"line":18,"column":55}},"8":{"start":{"line":21,"column":8},"end":{"line":28,"column":9}},"9":{"start":{"line":22,"column":12},"end":{"line":24,"column":54}},"10":{"start":{"line":25,"column":12},"end":{"line":27,"column":13}},"11":{"start":{"line":26,"column":16},"end":{"line":26,"column":70}},"12":{"start":{"line":30,"column":25},"end":{"line":34,"column":10}},"13":{"start":{"line":36,"column":8},"end":{"line":36,"column":82}},"14":{"start":{"line":38,"column":30},"end":{"line":38,"column":69}},"15":{"start":{"line":40,"column":8},"end":{"line":40,"column":29}},"16":{"start":{"line":48,"column":27},"end":{"line":50,"column":10}},"17":{"start":{"line":52,"column":8},"end":{"line":52,"column":26}},"18":{"start":{"line":61,"column":25},"end":{"line":68,"column":21}},"19":{"start":{"line":70,"column":8},"end":{"line":70,"column":24}},"20":{"start":{"line":79,"column":52},"end":{"line":79,"column":59}},"21":{"start":{"line":83,"column":8},"end":{"line":90,"column":9}},"22":{"start":{"line":84,"column":12},"end":{"line":86,"column":54}},"23":{"start":{"line":87,"column":12},"end":{"line":89,"column":13}},"24":{"start":{"line":88,"column":16},"end":{"line":88,"column":70}},"25":{"start":{"line":92,"column":25},"end":{"line":92,"column":110}},"26":{"start":{"line":93,"column":8},"end":{"line":95,"column":9}},"27":{"start":{"line":94,"column":12},"end":{"line":94,"column":63}},"28":{"start":{"line":97,"column":8},"end":{"line":97,"column":29}},"29":{"start":{"line":98,"column":8},"end":{"line":98,"column":43}},"30":{"start":{"line":99,"column":8},"end":{"line":99,"column":53}},"31":{"start":{"line":101,"column":8},"end":{"line":101,"column":82}},"32":{"start":{"line":103,"column":30},"end":{"line":103,"column":60}},"33":{"start":{"line":105,"column":8},"end":{"line":105,"column":29}},"34":{"start":{"line":113,"column":25},"end":{"line":113,"column":110}},"35":{"start":{"line":114,"column":8},"end":{"line":116,"column":9}},"36":{"start":{"line":115,"column":12},"end":{"line":115,"column":63}},"37":{"start":{"line":118,"column":8},"end":{"line":118,"column":78}},"38":{"start":{"line":9,"column":13},"end":{"line":9,"column":28}},"39":{"start":{"line":9,"column":13},"end":{"line":120,"column":null}}},"fnMap":{"0":{"name":"(anonymous_4)","decl":{"start":{"line":10,"column":4},"end":{"line":10,"column":17}},"loc":{"start":{"line":10,"column":75},"end":{"line":10,"column":79}}},"1":{"name":"(anonymous_5)","decl":{"start":{"line":17,"column":4},"end":{"line":17,"column":9}},"loc":{"start":{"line":17,"column":75},"end":{"line":41,"column":5}}},"2":{"name":"(anonymous_6)","decl":{"start":{"line":47,"column":4},"end":{"line":47,"column":9}},"loc":{"start":{"line":47,"column":26},"end":{"line":53,"column":5}}},"3":{"name":"(anonymous_7)","decl":{"start":{"line":60,"column":4},"end":{"line":60,"column":9}},"loc":{"start":{"line":60,"column":36},"end":{"line":71,"column":5}}},"4":{"name":"(anonymous_8)","decl":{"start":{"line":78,"column":4},"end":{"line":78,"column":9}},"loc":{"start":{"line":78,"column":75},"end":{"line":106,"column":5}}},"5":{"name":"(anonymous_9)","decl":{"start":{"line":112,"column":4},"end":{"line":112,"column":9}},"loc":{"start":{"line":112,"column":35},"end":{"line":119,"column":5}}}},"branchMap":{"0":{"loc":{"start":{"line":21,"column":8},"end":{"line":28,"column":9}},"type":"if","locations":[{"start":{"line":21,"column":8},"end":{"line":28,"column":9}}]},"1":{"loc":{"start":{"line":25,"column":12},"end":{"line":27,"column":13}},"type":"if","locations":[{"start":{"line":25,"column":12},"end":{"line":27,"column":13}}]},"2":{"loc":{"start":{"line":83,"column":8},"end":{"line":90,"column":9}},"type":"if","locations":[{"start":{"line":83,"column":8},"end":{"line":90,"column":9}}]},"3":{"loc":{"start":{"line":87,"column":12},"end":{"line":89,"column":13}},"type":"if","locations":[{"start":{"line":87,"column":12},"end":{"line":89,"column":13}}]},"4":{"loc":{"start":{"line":93,"column":8},"end":{"line":95,"column":9}},"type":"if","locations":[{"start":{"line":93,"column":8},"end":{"line":95,"column":9}}]},"5":{"loc":{"start":{"line":99,"column":26},"end":{"line":99,"column":52}},"type":"binary-expr","locations":[{"start":{"line":99,"column":26},"end":{"line":99,"column":34}},{"start":{"line":99,"column":38},"end":{"line":99,"column":52}}]},"6":{"loc":{"start":{"line":114,"column":8},"end":{"line":116,"column":9}},"type":"if","locations":[{"start":{"line":114,"column":8},"end":{"line":116,"column":9}}]}},"s":{"0":6,"1":6,"2":6,"3":6,"4":6,"5":6,"6":10,"7":3,"8":3,"9":2,"10":2,"11":1,"12":2,"13":2,"14":2,"15":2,"16":1,"17":1,"18":1,"19":1,"20":3,"21":3,"22":3,"23":3,"24":1,"25":2,"26":2,"27":1,"28":1,"29":1,"30":1,"31":1,"32":1,"33":1,"34":2,"35":2,"36":1,"37":1,"38":6,"39":6},"f":{"0":10,"1":3,"2":1,"3":1,"4":3,"5":2},"b":{"0":[2],"1":[1],"2":[3],"3":[1],"4":[1],"5":[1,1],"6":[1]}}
,"/Volumes/onudev/playground/nestjs-msa/apps/product/src/modules/product/product.controller.ts": {"path":"/Volumes/onudev/playground/nestjs-msa/apps/product/src/modules/product/product.controller.ts","statementMap":{"0":{"start":{"line":1,"column":0},"end":{"line":1,"column":44}},"1":{"start":{"line":2,"column":0},"end":{"line":2,"column":51}},"2":{"start":{"line":3,"column":0},"end":{"line":3,"column":50}},"3":{"start":{"line":4,"column":0},"end":{"line":4,"column":51}},"4":{"start":{"line":5,"column":0},"end":{"line":5,"column":73}},"5":{"start":{"line":8,"column":7},"end":{"line":81,"column":null}},"6":{"start":{"line":20,"column":33},"end":{"line":20,"column":49}},"7":{"start":{"line":26,"column":25},"end":{"line":26,"column":73}},"8":{"start":{"line":27,"column":8},"end":{"line":27,"column":65}},"9":{"start":{"line":34,"column":36},"end":{"line":34,"column":82}},"10":{"start":{"line":35,"column":8},"end":{"line":38,"column":10}},"11":{"start":{"line":36,"column":46},"end":{"line":36,"column":94}},"12":{"start":{"line":45,"column":25},"end":{"line":45,"column":74}},"13":{"start":{"line":46,"column":8},"end":{"line":46,"column":65}},"14":{"start":{"line":53,"column":36},"end":{"line":53,"column":87}},"15":{"start":{"line":55,"column":8},"end":{"line":58,"column":10}},"16":{"start":{"line":56,"column":46},"end":{"line":56,"column":94}},"17":{"start":{"line":65,"column":25},"end":{"line":65,"column":73}},"18":{"start":{"line":66,"column":8},"end":{"line":66,"column":65}},"19":{"start":{"line":71,"column":8},"end":{"line":71,"column":54}},"20":{"start":{"line":72,"column":8},"end":{"line":72,"column":20}},"21":{"start":{"line":79,"column":8},"end":{"line":79,"column":83}},"22":{"start":{"line":8,"column":13},"end":{"line":8,"column":30}},"23":{"start":{"line":23,"column":10},"end":{"line":28,"column":null}},"24":{"start":{"line":31,"column":10},"end":{"line":39,"column":null}},"25":{"start":{"line":42,"column":10},"end":{"line":47,"column":null}},"26":{"start":{"line":50,"column":10},"end":{"line":59,"column":null}},"27":{"start":{"line":62,"column":10},"end":{"line":67,"column":null}},"28":{"start":{"line":70,"column":4},"end":{"line":73,"column":null}},"29":{"start":{"line":76,"column":10},"end":{"line":80,"column":null}},"30":{"start":{"line":8,"column":13},"end":{"line":81,"column":null}}},"fnMap":{"0":{"name":"(anonymous_2)","decl":{"start":{"line":20,"column":4},"end":{"line":20,"column":33}},"loc":{"start":{"line":20,"column":63},"end":{"line":20,"column":67}}},"1":{"name":"(anonymous_3)","decl":{"start":{"line":23,"column":4},"end":{"line":23,"column":9}},"loc":{"start":{"line":24,"column":57},"end":{"line":28,"column":5}}},"2":{"name":"(anonymous_4)","decl":{"start":{"line":31,"column":4},"end":{"line":31,"column":9}},"loc":{"start":{"line":32,"column":55},"end":{"line":39,"column":5}}},"3":{"name":"(anonymous_5)","decl":{"start":{"line":36,"column":35},"end":{"line":36,"column":42}},"loc":{"start":{"line":36,"column":46},"end":{"line":36,"column":94}}},"4":{"name":"(anonymous_6)","decl":{"start":{"line":42,"column":4},"end":{"line":42,"column":9}},"loc":{"start":{"line":43,"column":58},"end":{"line":47,"column":5}}},"5":{"name":"(anonymous_7)","decl":{"start":{"line":50,"column":4},"end":{"line":50,"column":9}},"loc":{"start":{"line":51,"column":60},"end":{"line":59,"column":5}}},"6":{"name":"(anonymous_8)","decl":{"start":{"line":56,"column":35},"end":{"line":56,"column":42}},"loc":{"start":{"line":56,"column":46},"end":{"line":56,"column":94}}},"7":{"name":"(anonymous_9)","decl":{"start":{"line":62,"column":4},"end":{"line":62,"column":9}},"loc":{"start":{"line":63,"column":57},"end":{"line":67,"column":5}}},"8":{"name":"(anonymous_10)","decl":{"start":{"line":70,"column":4},"end":{"line":70,"column":17}},"loc":{"start":{"line":70,"column":67},"end":{"line":73,"column":5}}},"9":{"name":"(anonymous_11)","decl":{"start":{"line":76,"column":4},"end":{"line":76,"column":9}},"loc":{"start":{"line":77,"column":64},"end":{"line":80,"column":5}}}},"branchMap":{},"s":{"0":1,"1":1,"2":1,"3":1,"4":1,"5":1,"6":7,"7":1,"8":1,"9":1,"10":1,"11":1,"12":1,"13":1,"14":1,"15":1,"16":1,"17":1,"18":1,"19":1,"20":1,"21":1,"22":1,"23":1,"24":1,"25":1,"26":1,"27":1,"28":1,"29":1,"30":1},"f":{"0":7,"1":1,"2":1,"3":1,"4":1,"5":1,"6":1,"7":1,"8":1,"9":1},"b":{}}
,"/Volumes/onudev/playground/nestjs-msa/apps/product/src/modules/product/product.service.ts": {"path":"/Volumes/onudev/playground/nestjs-msa/apps/product/src/modules/product/product.service.ts","statementMap":{"0":{"start":{"line":1,"column":0},"end":{"line":1,"column":64}},"1":{"start":{"line":2,"column":0},"end":{"line":2,"column":51}},"2":{"start":{"line":3,"column":0},"end":{"line":3,"column":62}},"3":{"start":{"line":4,"column":0},"end":{"line":4,"column":61}},"4":{"start":{"line":5,"column":0},"end":{"line":5,"column":61}},"5":{"start":{"line":6,"column":0},"end":{"line":6,"column":63}},"6":{"start":{"line":7,"column":0},"end":{"line":7,"column":86}},"7":{"start":{"line":8,"column":0},"end":{"line":8,"column":47}},"8":{"start":{"line":9,"column":0},"end":{"line":9,"column":73}},"9":{"start":{"line":10,"column":0},"end":{"line":10,"column":79}},"10":{"start":{"line":13,"column":7},"end":{"line":257,"column":null}},"11":{"start":{"line":15,"column":45},"end":{"line":15,"column":57}},"12":{"start":{"line":18,"column":25},"end":{"line":18,"column":42}},"13":{"start":{"line":19,"column":25},"end":{"line":19,"column":36}},"14":{"start":{"line":20,"column":25},"end":{"line":20,"column":40}},"15":{"start":{"line":29,"column":27},"end":{"line":29,"column":34}},"16":{"start":{"line":32,"column":19},"end":{"line":32,"column":54}},"17":{"start":{"line":33,"column":8},"end":{"line":33,"column":27}},"18":{"start":{"line":34,"column":8},"end":{"line":34,"column":36}},"19":{"start":{"line":36,"column":8},"end":{"line":70,"column":9}},"20":{"start":{"line":37,"column":29},"end":{"line":39,"column":14}},"21":{"start":{"line":41,"column":12},"end":{"line":43,"column":13}},"22":{"start":{"line":42,"column":16},"end":{"line":42,"column":67}},"23":{"start":{"line":45,"column":28},"end":{"line":50,"column":14}},"24":{"start":{"line":52,"column":12},"end":{"line":52,"column":72}},"25":{"start":{"line":54,"column":12},"end":{"line":54,"column":66}},"26":{"start":{"line":56,"column":33},"end":{"line":59,"column":14}},"27":{"start":{"line":61,"column":12},"end":{"line":61,"column":41}},"28":{"start":{"line":63,"column":12},"end":{"line":63,"column":32}},"29":{"start":{"line":65,"column":12},"end":{"line":65,"column":43}},"30":{"start":{"line":67,"column":12},"end":{"line":67,"column":24}},"31":{"start":{"line":69,"column":12},"end":{"line":69,"column":31}},"32":{"start":{"line":82,"column":84},"end":{"line":82,"column":91}},"33":{"start":{"line":84,"column":21},"end":{"line":84,"column":39}},"34":{"start":{"line":86,"column":39},"end":{"line":86,"column":54}},"35":{"start":{"line":87,"column":27},"end":{"line":89,"column":10}},"36":{"start":{"line":91,"column":27},"end":{"line":91,"column":29}},"37":{"start":{"line":92,"column":8},"end":{"line":92,"column":60}},"38":{"start":{"line":92,"column":24},"end":{"line":92,"column":60}},"39":{"start":{"line":93,"column":8},"end":{"line":93,"column":50}},"40":{"start":{"line":93,"column":18},"end":{"line":93,"column":50}},"41":{"start":{"line":95,"column":34},"end":{"line":101,"column":10}},"42":{"start":{"line":103,"column":8},"end":{"line":106,"column":10}},"43":{"start":{"line":115,"column":24},"end":{"line":118,"column":10}},"44":{"start":{"line":120,"column":8},"end":{"line":120,"column":23}},"45":{"start":{"line":131,"column":24},"end":{"line":131,"column":31}},"46":{"start":{"line":132,"column":34},"end":{"line":134,"column":53}},"47":{"start":{"line":136,"column":8},"end":{"line":139,"column":10}},"48":{"start":{"line":148,"column":69},"end":{"line":148,"column":76}},"49":{"start":{"line":151,"column":19},"end":{"line":151,"column":54}},"50":{"start":{"line":152,"column":8},"end":{"line":152,"column":27}},"51":{"start":{"line":153,"column":8},"end":{"line":153,"column":36}},"52":{"start":{"line":155,"column":8},"end":{"line":189,"column":9}},"53":{"start":{"line":156,"column":28},"end":{"line":156,"column":100}},"54":{"start":{"line":158,"column":12},"end":{"line":160,"column":13}},"55":{"start":{"line":159,"column":16},"end":{"line":159,"column":65}},"56":{"start":{"line":162,"column":12},"end":{"line":162,"column":42}},"57":{"start":{"line":162,"column":22},"end":{"line":162,"column":42}},"58":{"start":{"line":163,"column":12},"end":{"line":163,"column":63}},"59":{"start":{"line":163,"column":29},"end":{"line":163,"column":63}},"60":{"start":{"line":164,"column":12},"end":{"line":164,"column":45}},"61":{"start":{"line":164,"column":23},"end":{"line":164,"column":45}},"62":{"start":{"line":165,"column":12},"end":{"line":169,"column":13}},"63":{"start":{"line":166,"column":33},"end":{"line":166,"column":87}},"64":{"start":{"line":167,"column":16},"end":{"line":167,"column":82}},"65":{"start":{"line":167,"column":31},"end":{"line":167,"column":82}},"66":{"start":{"line":168,"column":16},"end":{"line":168,"column":44}},"67":{"start":{"line":171,"column":12},"end":{"line":171,"column":72}},"68":{"start":{"line":173,"column":12},"end":{"line":173,"column":58}},"69":{"start":{"line":175,"column":33},"end":{"line":178,"column":14}},"70":{"start":{"line":180,"column":12},"end":{"line":180,"column":41}},"71":{"start":{"line":182,"column":12},"end":{"line":182,"column":32}},"72":{"start":{"line":184,"column":12},"end":{"line":184,"column":43}},"73":{"start":{"line":186,"column":12},"end":{"line":186,"column":24}},"74":{"start":{"line":188,"column":12},"end":{"line":188,"column":31}},"75":{"start":{"line":197,"column":8},"end":{"line":197,"column":64}},"76":{"start":{"line":240,"column":8},"end":{"line":240,"column":39}},"77":{"start":{"line":240,"column":29},"end":{"line":240,"column":39}},"78":{"start":{"line":242,"column":8},"end":{"line":242,"column":98}},"79":{"start":{"line":244,"column":28},"end":{"line":252,"column":null}},"80":{"start":{"line":246,"column":37},"end":{"line":250,"column":18}},"81":{"start":{"line":251,"column":16},"end":{"line":251,"column":87}},"82":{"start":{"line":255,"column":8},"end":{"line":255,"column":27}},"83":{"start":{"line":13,"column":13},"end":{"line":13,"column":27}},"84":{"start":{"line":13,"column":13},"end":{"line":257,"column":null}},"85":{"start":{"line":17,"column":33},"end":{"line":17,"column":48}}},"fnMap":{"0":{"name":"(anonymous_4)","decl":{"start":{"line":14,"column":4},"end":{"line":14,"column":null}},"loc":{"start":{"line":20,"column":53},"end":{"line":21,"column":8}}},"1":{"name":"(anonymous_5)","decl":{"start":{"line":28,"column":4},"end":{"line":28,"column":9}},"loc":{"start":{"line":28,"column":73},"end":{"line":71,"column":5}}},"2":{"name":"(anonymous_6)","decl":{"start":{"line":78,"column":4},"end":{"line":78,"column":9}},"loc":{"start":{"line":78,"column":69},"end":{"line":107,"column":5}}},"3":{"name":"(anonymous_7)","decl":{"start":{"line":114,"column":4},"end":{"line":114,"column":9}},"loc":{"start":{"line":114,"column":75},"end":{"line":121,"column":5}}},"4":{"name":"(anonymous_8)","decl":{"start":{"line":128,"column":4},"end":{"line":128,"column":9}},"loc":{"start":{"line":129,"column":60},"end":{"line":140,"column":5}}},"5":{"name":"(anonymous_9)","decl":{"start":{"line":147,"column":4},"end":{"line":147,"column":9}},"loc":{"start":{"line":147,"column":73},"end":{"line":190,"column":5}}},"6":{"name":"(anonymous_10)","decl":{"start":{"line":196,"column":4},"end":{"line":196,"column":9}},"loc":{"start":{"line":196,"column":34},"end":{"line":198,"column":5}}},"7":{"name":"(anonymous_11)","decl":{"start":{"line":235,"column":4},"end":{"line":235,"column":9}},"loc":{"start":{"line":238,"column":49},"end":{"line":256,"column":5}}},"8":{"name":"(anonymous_12)","decl":{"start":{"line":245,"column":23},"end":{"line":245,"column":28}},"loc":{"start":{"line":245,"column":47},"end":{"line":252,"column":13}}},"9":{"name":"(anonymous_13)","decl":{"start":{"line":17,"column":27},"end":{"line":17,"column":30}},"loc":{"start":{"line":17,"column":33},"end":{"line":17,"column":48}}}},"branchMap":{"0":{"loc":{"start":{"line":41,"column":12},"end":{"line":43,"column":13}},"type":"if","locations":[{"start":{"line":41,"column":12},"end":{"line":43,"column":13}}]},"1":{"loc":{"start":{"line":82,"column":16},"end":{"line":82,"column":24}},"type":"default-arg","locations":[{"start":{"line":82,"column":23},"end":{"line":82,"column":24}}]},"2":{"loc":{"start":{"line":82,"column":26},"end":{"line":82,"column":36}},"type":"default-arg","locations":[{"start":{"line":82,"column":34},"end":{"line":82,"column":36}}]},"3":{"loc":{"start":{"line":82,"column":38},"end":{"line":82,"column":61}},"type":"default-arg","locations":[{"start":{"line":82,"column":45},"end":{"line":82,"column":61}}]},"4":{"loc":{"start":{"line":92,"column":8},"end":{"line":92,"column":60}},"type":"if","locations":[{"start":{"line":92,"column":8},"end":{"line":92,"column":60}}]},"5":{"loc":{"start":{"line":93,"column":8},"end":{"line":93,"column":50}},"type":"if","locations":[{"start":{"line":93,"column":8},"end":{"line":93,"column":50}}]},"6":{"loc":{"start":{"line":158,"column":12},"end":{"line":160,"column":13}},"type":"if","locations":[{"start":{"line":158,"column":12},"end":{"line":160,"column":13}}]},"7":{"loc":{"start":{"line":162,"column":12},"end":{"line":162,"column":42}},"type":"if","locations":[{"start":{"line":162,"column":12},"end":{"line":162,"column":42}}]},"8":{"loc":{"start":{"line":163,"column":12},"end":{"line":163,"column":63}},"type":"if","locations":[{"start":{"line":163,"column":12},"end":{"line":163,"column":63}}]},"9":{"loc":{"start":{"line":164,"column":12},"end":{"line":164,"column":45}},"type":"if","locations":[{"start":{"line":164,"column":12},"end":{"line":164,"column":45}}]},"10":{"loc":{"start":{"line":165,"column":12},"end":{"line":169,"column":13}},"type":"if","locations":[{"start":{"line":165,"column":12},"end":{"line":169,"column":13}}]},"11":{"loc":{"start":{"line":167,"column":16},"end":{"line":167,"column":82}},"type":"if","locations":[{"start":{"line":167,"column":16},"end":{"line":167,"column":82}}]},"12":{"loc":{"start":{"line":240,"column":8},"end":{"line":240,"column":39}},"type":"if","locations":[{"start":{"line":240,"column":8},"end":{"line":240,"column":39}}]}},"s":{"0":4,"1":4,"2":4,"3":4,"4":4,"5":4,"6":4,"7":4,"8":4,"9":4,"10":4,"11":11,"12":11,"13":11,"14":11,"15":2,"16":2,"17":2,"18":2,"19":2,"20":2,"21":2,"22":1,"23":1,"24":1,"25":1,"26":1,"27":1,"28":1,"29":1,"30":1,"31":2,"32":1,"33":1,"34":1,"35":1,"36":1,"37":1,"38":1,"39":1,"40":1,"41":1,"42":1,"43":1,"44":1,"45":1,"46":1,"47":1,"48":3,"49":3,"50":3,"51":3,"52":3,"53":3,"54":3,"55":1,"56":2,"57":2,"58":2,"59":2,"60":2,"61":2,"62":2,"63":2,"64":2,"65":1,"66":1,"67":1,"68":1,"69":1,"70":1,"71":1,"72":2,"73":2,"74":3,"75":1,"76":2,"77":1,"78":1,"79":1,"80":1,"81":1,"82":1,"83":4,"84":4,"85":11},"f":{"0":11,"1":2,"2":1,"3":1,"4":1,"5":3,"6":1,"7":2,"8":1,"9":11},"b":{"0":[1],"1":[0],"2":[0],"3":[0],"4":[1],"5":[1],"6":[1],"7":[2],"8":[2],"9":[2],"10":[2],"11":[1],"12":[1]}}
,"/Volumes/onudev/playground/nestjs-msa/apps/product/src/modules/stock/stock.controller.ts": {"path":"/Volumes/onudev/playground/nestjs-msa/apps/product/src/modules/stock/stock.controller.ts","statementMap":{"0":{"start":{"line":1,"column":0},"end":{"line":1,"column":44}},"1":{"start":{"line":2,"column":0},"end":{"line":2,"column":47}},"2":{"start":{"line":3,"column":0},"end":{"line":3,"column":50}},"3":{"start":{"line":4,"column":0},"end":{"line":4,"column":51}},"4":{"start":{"line":5,"column":0},"end":{"line":5,"column":69}},"5":{"start":{"line":6,"column":0},"end":{"line":6,"column":92}},"6":{"start":{"line":9,"column":7},"end":{"line":74,"column":null}},"7":{"start":{"line":20,"column":33},"end":{"line":20,"column":47}},"8":{"start":{"line":26,"column":22},"end":{"line":26,"column":84}},"9":{"start":{"line":27,"column":8},"end":{"line":27,"column":58}},"10":{"start":{"line":34,"column":22},"end":{"line":34,"column":66}},"11":{"start":{"line":35,"column":8},"end":{"line":35,"column":58}},"12":{"start":{"line":42,"column":28},"end":{"line":42,"column":83}},"13":{"start":{"line":44,"column":8},"end":{"line":48,"column":10}},"14":{"start":{"line":46,"column":16},"end":{"line":46,"column":86}},"15":{"start":{"line":55,"column":29},"end":{"line":55,"column":85}},"16":{"start":{"line":56,"column":8},"end":{"line":60,"column":10}},"17":{"start":{"line":58,"column":16},"end":{"line":58,"column":86}},"18":{"start":{"line":67,"column":29},"end":{"line":67,"column":85}},"19":{"start":{"line":68,"column":8},"end":{"line":72,"column":10}},"20":{"start":{"line":70,"column":16},"end":{"line":70,"column":86}},"21":{"start":{"line":9,"column":13},"end":{"line":9,"column":28}},"22":{"start":{"line":23,"column":10},"end":{"line":28,"column":null}},"23":{"start":{"line":31,"column":10},"end":{"line":36,"column":null}},"24":{"start":{"line":39,"column":10},"end":{"line":49,"column":null}},"25":{"start":{"line":52,"column":10},"end":{"line":61,"column":null}},"26":{"start":{"line":64,"column":10},"end":{"line":73,"column":null}},"27":{"start":{"line":9,"column":13},"end":{"line":74,"column":null}}},"fnMap":{"0":{"name":"(anonymous_2)","decl":{"start":{"line":20,"column":4},"end":{"line":20,"column":33}},"loc":{"start":{"line":20,"column":59},"end":{"line":20,"column":63}}},"1":{"name":"(anonymous_3)","decl":{"start":{"line":23,"column":4},"end":{"line":23,"column":9}},"loc":{"start":{"line":24,"column":63},"end":{"line":28,"column":5}}},"2":{"name":"(anonymous_4)","decl":{"start":{"line":31,"column":4},"end":{"line":31,"column":9}},"loc":{"start":{"line":32,"column":63},"end":{"line":36,"column":5}}},"3":{"name":"(anonymous_5)","decl":{"start":{"line":39,"column":4},"end":{"line":39,"column":9}},"loc":{"start":{"line":40,"column":66},"end":{"line":49,"column":5}}},"4":{"name":"(anonymous_6)","decl":{"start":{"line":45,"column":42},"end":{"line":45,"column":53}},"loc":{"start":{"line":46,"column":16},"end":{"line":46,"column":86}}},"5":{"name":"(anonymous_7)","decl":{"start":{"line":52,"column":4},"end":{"line":52,"column":9}},"loc":{"start":{"line":53,"column":67},"end":{"line":61,"column":5}}},"6":{"name":"(anonymous_8)","decl":{"start":{"line":57,"column":43},"end":{"line":57,"column":54}},"loc":{"start":{"line":58,"column":16},"end":{"line":58,"column":86}}},"7":{"name":"(anonymous_9)","decl":{"start":{"line":64,"column":4},"end":{"line":64,"column":9}},"loc":{"start":{"line":65,"column":67},"end":{"line":73,"column":5}}},"8":{"name":"(anonymous_10)","decl":{"start":{"line":69,"column":43},"end":{"line":69,"column":54}},"loc":{"start":{"line":70,"column":16},"end":{"line":70,"column":86}}}},"branchMap":{},"s":{"0":1,"1":1,"2":1,"3":1,"4":1,"5":1,"6":1,"7":5,"8":1,"9":1,"10":1,"11":1,"12":1,"13":1,"14":1,"15":1,"16":1,"17":1,"18":1,"19":1,"20":1,"21":1,"22":1,"23":1,"24":1,"25":1,"26":1,"27":1},"f":{"0":5,"1":1,"2":1,"3":1,"4":1,"5":1,"6":1,"7":1,"8":1},"b":{}}
,"/Volumes/onudev/playground/nestjs-msa/apps/product/src/modules/stock/stock.service.ts": {"path":"/Volumes/onudev/playground/nestjs-msa/apps/product/src/modules/stock/stock.service.ts","statementMap":{"0":{"start":{"line":1,"column":0},"end":{"line":1,"column":64}},"1":{"start":{"line":2,"column":0},"end":{"line":2,"column":51}},"2":{"start":{"line":3,"column":0},"end":{"line":3,"column":54}},"3":{"start":{"line":4,"column":0},"end":{"line":4,"column":73}},"4":{"start":{"line":5,"column":0},"end":{"line":5,"column":60}},"5":{"start":{"line":6,"column":0},"end":{"line":6,"column":50}},"6":{"start":{"line":7,"column":0},"end":{"line":7,"column":63}},"7":{"start":{"line":8,"column":0},"end":{"line":8,"column":96}},"8":{"start":{"line":11,"column":7},"end":{"line":274,"column":null}},"9":{"start":{"line":13,"column":45},"end":{"line":13,"column":57}},"10":{"start":{"line":16,"column":25},"end":{"line":16,"column":41}},"11":{"start":{"line":25,"column":8},"end":{"line":32,"column":11}},"12":{"start":{"line":41,"column":24},"end":{"line":41,"column":91}},"13":{"start":{"line":43,"column":8},"end":{"line":45,"column":9}},"14":{"start":{"line":44,"column":12},"end":{"line":44,"column":61}},"15":{"start":{"line":47,"column":8},"end":{"line":56,"column":10}},"16":{"start":{"line":58,"column":8},"end":{"line":58,"column":65}},"17":{"start":{"line":67,"column":8},"end":{"line":70,"column":11}},"18":{"start":{"line":81,"column":42},"end":{"line":81,"column":49}},"19":{"start":{"line":84,"column":19},"end":{"line":84,"column":54}},"20":{"start":{"line":85,"column":8},"end":{"line":85,"column":27}},"21":{"start":{"line":86,"column":8},"end":{"line":86,"column":36}},"22":{"start":{"line":88,"column":8},"end":{"line":162,"column":9}},"23":{"start":{"line":89,"column":31},"end":{"line":89,"column":85}},"24":{"start":{"line":89,"column":63},"end":{"line":89,"column":84}},"25":{"start":{"line":91,"column":30},"end":{"line":93,"column":14}},"26":{"start":{"line":92,"column":53},"end":{"line":92,"column":74}},"27":{"start":{"line":95,"column":12},"end":{"line":97,"column":13}},"28":{"start":{"line":96,"column":16},"end":{"line":96,"column":65}},"29":{"start":{"line":100,"column":27},"end":{"line":104,"column":14}},"30":{"start":{"line":106,"column":38},"end":{"line":117,"column":78}},"31":{"start":{"line":119,"column":12},"end":{"line":136,"column":13}},"32":{"start":{"line":120,"column":51},"end":{"line":120,"column":62}},"33":{"start":{"line":122,"column":30},"end":{"line":122,"column":88}},"34":{"start":{"line":122,"column":47},"end":{"line":122,"column":72}},"35":{"start":{"line":123,"column":16},"end":{"line":125,"column":17}},"36":{"start":{"line":124,"column":20},"end":{"line":124,"column":85}},"37":{"start":{"line":127,"column":38},"end":{"line":127,"column":115}},"38":{"start":{"line":127,"column":66},"end":{"line":127,"column":91}},"39":{"start":{"line":129,"column":39},"end":{"line":129,"column":68}},"40":{"start":{"line":131,"column":16},"end":{"line":135,"column":17}},"41":{"start":{"line":132,"column":20},"end":{"line":134,"column":22}},"42":{"start":{"line":139,"column":84},"end":{"line":145,"column":15}},"43":{"start":{"line":139,"column":117},"end":{"line":145,"column":14}},"44":{"start":{"line":146,"column":12},"end":{"line":146,"column":98}},"45":{"start":{"line":148,"column":43},"end":{"line":151,"column":14}},"46":{"start":{"line":153,"column":12},"end":{"line":153,"column":41}},"47":{"start":{"line":155,"column":12},"end":{"line":155,"column":42}},"48":{"start":{"line":157,"column":12},"end":{"line":157,"column":43}},"49":{"start":{"line":159,"column":12},"end":{"line":159,"column":24}},"50":{"start":{"line":161,"column":12},"end":{"line":161,"column":31}},"51":{"start":{"line":173,"column":28},"end":{"line":173,"column":35}},"52":{"start":{"line":176,"column":19},"end":{"line":176,"column":54}},"53":{"start":{"line":177,"column":8},"end":{"line":177,"column":27}},"54":{"start":{"line":178,"column":8},"end":{"line":178,"column":36}},"55":{"start":{"line":180,"column":8},"end":{"line":218,"column":9}},"56":{"start":{"line":181,"column":33},"end":{"line":184,"column":14}},"57":{"start":{"line":186,"column":12},"end":{"line":188,"column":13}},"58":{"start":{"line":187,"column":16},"end":{"line":187,"column":71}},"59":{"start":{"line":190,"column":12},"end":{"line":192,"column":103}},"60":{"start":{"line":194,"column":12},"end":{"line":203,"column":13}},"61":{"start":{"line":195,"column":16},"end":{"line":202,"column":18}},"62":{"start":{"line":200,"column":40},"end":{"line":200,"column":79}},"63":{"start":{"line":205,"column":40},"end":{"line":207,"column":14}},"64":{"start":{"line":209,"column":12},"end":{"line":209,"column":41}},"65":{"start":{"line":211,"column":12},"end":{"line":211,"column":39}},"66":{"start":{"line":213,"column":12},"end":{"line":213,"column":43}},"67":{"start":{"line":215,"column":12},"end":{"line":215,"column":24}},"68":{"start":{"line":217,"column":12},"end":{"line":217,"column":31}},"69":{"start":{"line":228,"column":28},"end":{"line":228,"column":35}},"70":{"start":{"line":231,"column":19},"end":{"line":231,"column":54}},"71":{"start":{"line":232,"column":8},"end":{"line":232,"column":27}},"72":{"start":{"line":233,"column":8},"end":{"line":233,"column":36}},"73":{"start":{"line":235,"column":8},"end":{"line":272,"column":9}},"74":{"start":{"line":236,"column":33},"end":{"line":239,"column":14}},"75":{"start":{"line":241,"column":12},"end":{"line":243,"column":13}},"76":{"start":{"line":242,"column":16},"end":{"line":242,"column":71}},"77":{"start":{"line":245,"column":12},"end":{"line":247,"column":102}},"78":{"start":{"line":249,"column":12},"end":{"line":257,"column":13}},"79":{"start":{"line":250,"column":16},"end":{"line":256,"column":18}},"80":{"start":{"line":259,"column":40},"end":{"line":261,"column":14}},"81":{"start":{"line":263,"column":12},"end":{"line":263,"column":41}},"82":{"start":{"line":265,"column":12},"end":{"line":265,"column":39}},"83":{"start":{"line":267,"column":12},"end":{"line":267,"column":43}},"84":{"start":{"line":269,"column":12},"end":{"line":269,"column":24}},"85":{"start":{"line":271,"column":12},"end":{"line":271,"column":31}},"86":{"start":{"line":11,"column":13},"end":{"line":11,"column":25}},"87":{"start":{"line":11,"column":13},"end":{"line":274,"column":null}},"88":{"start":{"line":15,"column":33},"end":{"line":15,"column":47}}},"fnMap":{"0":{"name":"(anonymous_4)","decl":{"start":{"line":12,"column":4},"end":{"line":12,"column":null}},"loc":{"start":{"line":16,"column":55},"end":{"line":17,"column":8}}},"1":{"name":"(anonymous_5)","decl":{"start":{"line":24,"column":4},"end":{"line":24,"column":23}},"loc":{"start":{"line":24,"column":41},"end":{"line":33,"column":5}}},"2":{"name":"(anonymous_6)","decl":{"start":{"line":40,"column":4},"end":{"line":40,"column":9}},"loc":{"start":{"line":40,"column":77},"end":{"line":59,"column":5}}},"3":{"name":"(anonymous_7)","decl":{"start":{"line":66,"column":4},"end":{"line":66,"column":9}},"loc":{"start":{"line":66,"column":55},"end":{"line":71,"column":5}}},"4":{"name":"(anonymous_8)","decl":{"start":{"line":78,"column":4},"end":{"line":78,"column":9}},"loc":{"start":{"line":79,"column":66},"end":{"line":163,"column":5}}},"5":{"name":"(anonymous_9)","decl":{"start":{"line":89,"column":48},"end":{"line":89,"column":59}},"loc":{"start":{"line":89,"column":63},"end":{"line":89,"column":84}}},"6":{"name":"(anonymous_10)","decl":{"start":{"line":92,"column":38},"end":{"line":92,"column":49}},"loc":{"start":{"line":92,"column":53},"end":{"line":92,"column":74}}},"7":{"name":"(anonymous_11)","decl":{"start":{"line":122,"column":42},"end":{"line":122,"column":43}},"loc":{"start":{"line":122,"column":47},"end":{"line":122,"column":72}}},"8":{"name":"(anonymous_12)","decl":{"start":{"line":127,"column":61},"end":{"line":127,"column":62}},"loc":{"start":{"line":127,"column":66},"end":{"line":127,"column":91}}},"9":{"name":"(anonymous_13)","decl":{"start":{"line":139,"column":101},"end":{"line":139,"column":112}},"loc":{"start":{"line":139,"column":117},"end":{"line":145,"column":14}}},"10":{"name":"(anonymous_14)","decl":{"start":{"line":170,"column":4},"end":{"line":170,"column":9}},"loc":{"start":{"line":171,"column":67},"end":{"line":219,"column":5}}},"11":{"name":"(anonymous_15)","decl":{"start":{"line":200,"column":34},"end":{"line":200,"column":37}},"loc":{"start":{"line":200,"column":40},"end":{"line":200,"column":79}}},"12":{"name":"(anonymous_16)","decl":{"start":{"line":225,"column":4},"end":{"line":225,"column":9}},"loc":{"start":{"line":226,"column":67},"end":{"line":273,"column":5}}},"13":{"name":"(anonymous_17)","decl":{"start":{"line":15,"column":27},"end":{"line":15,"column":30}},"loc":{"start":{"line":15,"column":33},"end":{"line":15,"column":47}}}},"branchMap":{"0":{"loc":{"start":{"line":43,"column":8},"end":{"line":45,"column":9}},"type":"if","locations":[{"start":{"line":43,"column":8},"end":{"line":45,"column":9}}]},"1":{"loc":{"start":{"line":95,"column":12},"end":{"line":97,"column":13}},"type":"if","locations":[{"start":{"line":95,"column":12},"end":{"line":97,"column":13}}]},"2":{"loc":{"start":{"line":122,"column":30},"end":{"line":122,"column":88}},"type":"binary-expr","locations":[{"start":{"line":122,"column":30},"end":{"line":122,"column":83}},{"start":{"line":122,"column":87},"end":{"line":122,"column":88}}]},"3":{"loc":{"start":{"line":123,"column":16},"end":{"line":125,"column":17}},"type":"if","locations":[{"start":{"line":123,"column":16},"end":{"line":125,"column":17}}]},"4":{"loc":{"start":{"line":127,"column":38},"end":{"line":127,"column":115}},"type":"binary-expr","locations":[{"start":{"line":127,"column":38},"end":{"line":127,"column":110}},{"start":{"line":127,"column":114},"end":{"line":127,"column":115}}]},"5":{"loc":{"start":{"line":131,"column":16},"end":{"line":135,"column":17}},"type":"if","locations":[{"start":{"line":131,"column":16},"end":{"line":135,"column":17}}]},"6":{"loc":{"start":{"line":186,"column":12},"end":{"line":188,"column":13}},"type":"if","locations":[{"start":{"line":186,"column":12},"end":{"line":188,"column":13}}]},"7":{"loc":{"start":{"line":241,"column":12},"end":{"line":243,"column":13}},"type":"if","locations":[{"start":{"line":241,"column":12},"end":{"line":243,"column":13}}]}},"s":{"0":2,"1":2,"2":2,"3":2,"4":2,"5":2,"6":2,"7":2,"8":2,"9":12,"10":12,"11":1,"12":2,"13":2,"14":1,"15":1,"16":1,"17":1,"18":4,"19":4,"20":4,"21":4,"22":4,"23":4,"24":4,"25":4,"26":4,"27":4,"28":1,"29":3,"30":3,"31":3,"32":3,"33":3,"34":2,"35":3,"36":1,"37":2,"38":2,"39":2,"40":2,"41":1,"42":1,"43":1,"44":1,"45":1,"46":1,"47":1,"48":3,"49":3,"50":4,"51":2,"52":2,"53":2,"54":2,"55":2,"56":2,"57":2,"58":1,"59":1,"60":1,"61":1,"62":1,"63":1,"64":1,"65":1,"66":1,"67":1,"68":2,"69":2,"70":2,"71":2,"72":2,"73":2,"74":2,"75":2,"76":1,"77":1,"78":1,"79":1,"80":1,"81":1,"82":1,"83":1,"84":1,"85":2,"86":2,"87":2,"88":12},"f":{"0":12,"1":1,"2":2,"3":1,"4":4,"5":4,"6":4,"7":2,"8":2,"9":1,"10":2,"11":1,"12":2,"13":12},"b":{"0":[1],"1":[1],"2":[3,1],"3":[1],"4":[2,0],"5":[1],"6":[1],"7":[1]}}
}
