TN:
SF:apps/product/src/modules/category/category.controller.ts
FN:15,(anonymous_2)
FN:18,(anonymous_3)
FN:26,(anonymous_4)
FN:29,(anonymous_5)
FN:34,(anonymous_6)
FN:42,(anonymous_7)
FN:50,(anonymous_8)
FNF:7
FNH:7
FNDA:5,(anonymous_2)
FNDA:1,(anonymous_3)
FNDA:1,(anonymous_4)
FNDA:1,(anonymous_5)
FNDA:1,(anonymous_6)
FNDA:1,(anonymous_7)
FNDA:1,(anonymous_8)
DA:1,1
DA:2,1
DA:3,1
DA:4,1
DA:5,1
DA:8,1
DA:15,5
DA:18,1
DA:21,1
DA:22,1
DA:26,1
DA:27,1
DA:28,1
DA:29,1
DA:34,1
DA:37,1
DA:38,1
DA:42,1
DA:45,1
DA:46,1
DA:50,1
DA:51,1
DA:52,1
LF:23
LH:23
BRF:0
BRH:0
end_of_record
TN:
SF:apps/product/src/modules/category/category.service.ts
FN:10,(anonymous_4)
FN:17,(anonymous_5)
FN:47,(anonymous_6)
FN:60,(anonymous_7)
FN:78,(anonymous_8)
FN:112,(anonymous_9)
FNF:6
FNH:6
FNDA:10,(anonymous_4)
FNDA:3,(anonymous_5)
FNDA:1,(anonymous_6)
FNDA:1,(anonymous_7)
FNDA:3,(anonymous_8)
FNDA:2,(anonymous_9)
DA:1,6
DA:2,6
DA:3,6
DA:4,6
DA:6,6
DA:9,6
DA:10,10
DA:18,3
DA:21,3
DA:22,2
DA:25,2
DA:26,1
DA:30,2
DA:36,2
DA:38,2
DA:40,2
DA:48,1
DA:52,1
DA:61,1
DA:70,1
DA:79,3
DA:83,3
DA:84,3
DA:87,3
DA:88,1
DA:92,2
DA:93,2
DA:94,1
DA:97,1
DA:98,1
DA:99,1
DA:101,1
DA:103,1
DA:105,1
DA:113,2
DA:114,2
DA:115,1
DA:118,1
LF:38
LH:38
BRDA:21,0,0,2
BRDA:25,1,0,1
BRDA:83,2,0,3
BRDA:87,3,0,1
BRDA:93,4,0,1
BRDA:99,5,0,1
BRDA:99,5,1,1
BRDA:114,6,0,1
BRF:8
BRH:8
end_of_record
TN:
SF:apps/product/src/modules/product/product.controller.ts
FN:20,(anonymous_2)
FN:23,(anonymous_3)
FN:31,(anonymous_4)
FN:36,(anonymous_5)
FN:42,(anonymous_6)
FN:50,(anonymous_7)
FN:56,(anonymous_8)
FN:62,(anonymous_9)
FN:70,(anonymous_10)
FN:76,(anonymous_11)
FNF:10
FNH:10
FNDA:7,(anonymous_2)
FNDA:1,(anonymous_3)
FNDA:1,(anonymous_4)
FNDA:1,(anonymous_5)
FNDA:1,(anonymous_6)
FNDA:1,(anonymous_7)
FNDA:1,(anonymous_8)
FNDA:1,(anonymous_9)
FNDA:1,(anonymous_10)
FNDA:1,(anonymous_11)
DA:1,1
DA:2,1
DA:3,1
DA:4,1
DA:5,1
DA:8,1
DA:20,7
DA:23,1
DA:26,1
DA:27,1
DA:31,1
DA:34,1
DA:35,1
DA:36,1
DA:42,1
DA:45,1
DA:46,1
DA:50,1
DA:53,1
DA:55,1
DA:56,1
DA:62,1
DA:65,1
DA:66,1
DA:70,1
DA:71,1
DA:72,1
DA:76,1
DA:79,1
LF:29
LH:29
BRF:0
BRH:0
end_of_record
TN:
SF:apps/product/src/modules/product/product.service.ts
FN:14,(anonymous_4)
FN:28,(anonymous_5)
FN:78,(anonymous_6)
FN:114,(anonymous_7)
FN:128,(anonymous_8)
FN:147,(anonymous_9)
FN:196,(anonymous_10)
FN:235,(anonymous_11)
FN:245,(anonymous_12)
FN:17,(anonymous_13)
FNF:10
FNH:10
FNDA:11,(anonymous_4)
FNDA:2,(anonymous_5)
FNDA:1,(anonymous_6)
FNDA:1,(anonymous_7)
FNDA:1,(anonymous_8)
FNDA:3,(anonymous_9)
FNDA:1,(anonymous_10)
FNDA:2,(anonymous_11)
FNDA:1,(anonymous_12)
FNDA:11,(anonymous_13)
DA:1,4
DA:2,4
DA:3,4
DA:4,4
DA:5,4
DA:6,4
DA:7,4
DA:8,4
DA:9,4
DA:10,4
DA:13,4
DA:15,11
DA:17,11
DA:18,11
DA:19,11
DA:20,11
DA:29,2
DA:32,2
DA:33,2
DA:34,2
DA:36,2
DA:37,2
DA:41,2
DA:42,1
DA:45,1
DA:52,1
DA:54,1
DA:56,1
DA:61,1
DA:63,1
DA:65,1
DA:67,1
DA:69,2
DA:82,1
DA:84,1
DA:86,1
DA:87,1
DA:91,1
DA:92,1
DA:93,1
DA:95,1
DA:103,1
DA:115,1
DA:120,1
DA:131,1
DA:132,1
DA:136,1
DA:148,3
DA:151,3
DA:152,3
DA:153,3
DA:155,3
DA:156,3
DA:158,3
DA:159,1
DA:162,2
DA:163,2
DA:164,2
DA:165,2
DA:166,2
DA:167,2
DA:168,1
DA:171,1
DA:173,1
DA:175,1
DA:180,1
DA:182,1
DA:184,2
DA:186,2
DA:188,3
DA:197,1
DA:240,2
DA:242,1
DA:244,1
DA:246,1
DA:251,1
DA:255,1
LF:77
LH:77
BRDA:41,0,0,1
BRDA:82,1,0,0
BRDA:82,2,0,0
BRDA:82,3,0,0
BRDA:92,4,0,1
BRDA:93,5,0,1
BRDA:158,6,0,1
BRDA:162,7,0,2
BRDA:163,8,0,2
BRDA:164,9,0,2
BRDA:165,10,0,2
BRDA:167,11,0,1
BRDA:240,12,0,1
BRF:13
BRH:10
end_of_record
TN:
SF:apps/product/src/modules/stock/stock.controller.ts
FN:20,(anonymous_2)
FN:23,(anonymous_3)
FN:31,(anonymous_4)
FN:39,(anonymous_5)
FN:45,(anonymous_6)
FN:52,(anonymous_7)
FN:57,(anonymous_8)
FN:64,(anonymous_9)
FN:69,(anonymous_10)
FNF:9
FNH:9
FNDA:5,(anonymous_2)
FNDA:1,(anonymous_3)
FNDA:1,(anonymous_4)
FNDA:1,(anonymous_5)
FNDA:1,(anonymous_6)
FNDA:1,(anonymous_7)
FNDA:1,(anonymous_8)
FNDA:1,(anonymous_9)
FNDA:1,(anonymous_10)
DA:1,1
DA:2,1
DA:3,1
DA:4,1
DA:5,1
DA:6,1
DA:9,1
DA:20,5
DA:23,1
DA:26,1
DA:27,1
DA:31,1
DA:34,1
DA:35,1
DA:39,1
DA:42,1
DA:44,1
DA:46,1
DA:52,1
DA:55,1
DA:56,1
DA:58,1
DA:64,1
DA:67,1
DA:68,1
DA:70,1
LF:26
LH:26
BRF:0
BRH:0
end_of_record
TN:
SF:apps/product/src/modules/stock/stock.service.ts
FN:12,(anonymous_4)
FN:24,(anonymous_5)
FN:40,(anonymous_6)
FN:66,(anonymous_7)
FN:78,(anonymous_8)
FN:89,(anonymous_9)
FN:92,(anonymous_10)
FN:122,(anonymous_11)
FN:127,(anonymous_12)
FN:139,(anonymous_13)
FN:170,(anonymous_14)
FN:200,(anonymous_15)
FN:225,(anonymous_16)
FN:15,(anonymous_17)
FNF:14
FNH:14
FNDA:12,(anonymous_4)
FNDA:1,(anonymous_5)
FNDA:2,(anonymous_6)
FNDA:1,(anonymous_7)
FNDA:4,(anonymous_8)
FNDA:4,(anonymous_9)
FNDA:4,(anonymous_10)
FNDA:2,(anonymous_11)
FNDA:2,(anonymous_12)
FNDA:1,(anonymous_13)
FNDA:2,(anonymous_14)
FNDA:1,(anonymous_15)
FNDA:2,(anonymous_16)
FNDA:12,(anonymous_17)
DA:1,2
DA:2,2
DA:3,2
DA:4,2
DA:5,2
DA:6,2
DA:7,2
DA:8,2
DA:11,2
DA:13,12
DA:15,12
DA:16,12
DA:25,1
DA:41,2
DA:43,2
DA:44,1
DA:47,1
DA:58,1
DA:67,1
DA:81,4
DA:84,4
DA:85,4
DA:86,4
DA:88,4
DA:89,4
DA:91,4
DA:92,4
DA:95,4
DA:96,1
DA:100,3
DA:106,3
DA:119,3
DA:120,3
DA:122,3
DA:123,3
DA:124,1
DA:127,2
DA:129,2
DA:131,2
DA:132,1
DA:139,1
DA:146,1
DA:148,1
DA:153,1
DA:155,1
DA:157,3
DA:159,3
DA:161,4
DA:173,2
DA:176,2
DA:177,2
DA:178,2
DA:180,2
DA:181,2
DA:186,2
DA:187,1
DA:190,1
DA:194,1
DA:195,1
DA:200,1
DA:205,1
DA:209,1
DA:211,1
DA:213,1
DA:215,1
DA:217,2
DA:228,2
DA:231,2
DA:232,2
DA:233,2
DA:235,2
DA:236,2
DA:241,2
DA:242,1
DA:245,1
DA:249,1
DA:250,1
DA:259,1
DA:263,1
DA:265,1
DA:267,1
DA:269,1
DA:271,2
LF:83
LH:83
BRDA:43,0,0,1
BRDA:95,1,0,1
BRDA:122,2,0,3
BRDA:122,2,1,1
BRDA:123,3,0,1
BRDA:127,4,0,2
BRDA:127,4,1,0
BRDA:131,5,0,1
BRDA:186,6,0,1
BRDA:241,7,0,1
BRF:10
BRH:9
end_of_record
