{"/Volumes/onudev/playground/nestjs-msa/apps/order/src/modules/order/order.service.ts": {"path":"/Volumes/onudev/playground/nestjs-msa/apps/order/src/modules/order/order.service.ts","statementMap":{"0":{"start":{"line":1,"column":0},"end":{"line":1,"column":66}},"1":{"start":{"line":2,"column":0},"end":{"line":2,"column":51}},"2":{"start":{"line":3,"column":0},"end":{"line":3,"column":37}},"3":{"start":{"line":4,"column":0},"end":{"line":4,"column":59}},"4":{"start":{"line":5,"column":0},"end":{"line":5,"column":66}},"5":{"start":{"line":6,"column":0},"end":{"line":6,"column":78}},"6":{"start":{"line":7,"column":0},"end":{"line":7,"column":37}},"7":{"start":{"line":8,"column":0},"end":{"line":8,"column":63}},"8":{"start":{"line":9,"column":0},"end":{"line":9,"column":62}},"9":{"start":{"line":10,"column":0},"end":{"line":10,"column":62}},"10":{"start":{"line":11,"column":0},"end":{"line":11,"column":72}},"11":{"start":{"line":14,"column":7},"end":{"line":345,"column":null}},"12":{"start":{"line":16,"column":45},"end":{"line":16,"column":57}},"13":{"start":{"line":18,"column":46},"end":{"line":18,"column":62}},"14":{"start":{"line":20,"column":25},"end":{"line":20,"column":43}},"15":{"start":{"line":22,"column":25},"end":{"line":22,"column":46}},"16":{"start":{"line":23,"column":25},"end":{"line":23,"column":46}},"17":{"start":{"line":24,"column":25},"end":{"line":24,"column":51}},"18":{"start":{"line":28,"column":8},"end":{"line":28,"column":38}},"19":{"start":{"line":37,"column":8},"end":{"line":43,"column":11}},"20":{"start":{"line":52,"column":8},"end":{"line":52,"column":120}},"21":{"start":{"line":62,"column":8},"end":{"line":69,"column":9}},"22":{"start":{"line":63,"column":27},"end":{"line":63,"column":91}},"23":{"start":{"line":64,"column":25},"end":{"line":64,"column":52}},"24":{"start":{"line":65,"column":12},"end":{"line":65,"column":24}},"25":{"start":{"line":67,"column":28},"end":{"line":67,"column":61}},"26":{"start":{"line":68,"column":12},"end":{"line":68,"column":72}},"27":{"start":{"line":79,"column":44},"end":{"line":79,"column":51}},"28":{"start":{"line":82,"column":24},"end":{"line":82,"column":47}},"29":{"start":{"line":83,"column":24},"end":{"line":83,"column":44}},"30":{"start":{"line":86,"column":24},"end":{"line":86,"column":46}},"31":{"start":{"line":87,"column":24},"end":{"line":87,"column":26}},"32":{"start":{"line":88,"column":21},"end":{"line":88,"column":78}},"33":{"start":{"line":90,"column":8},"end":{"line":93,"column":9}},"34":{"start":{"line":91,"column":12},"end":{"line":91,"column":33}},"35":{"start":{"line":92,"column":12},"end":{"line":92,"column":24}},"36":{"start":{"line":95,"column":19},"end":{"line":95,"column":54}},"37":{"start":{"line":96,"column":8},"end":{"line":96,"column":27}},"38":{"start":{"line":97,"column":8},"end":{"line":97,"column":36}},"39":{"start":{"line":99,"column":8},"end":{"line":173,"column":9}},"40":{"start":{"line":101,"column":40},"end":{"line":101,"column":116}},"41":{"start":{"line":101,"column":103},"end":{"line":101,"column":114}},"42":{"start":{"line":102,"column":12},"end":{"line":104,"column":13}},"43":{"start":{"line":103,"column":16},"end":{"line":103,"column":65}},"44":{"start":{"line":107,"column":27},"end":{"line":109,"column":17}},"45":{"start":{"line":108,"column":16},"end":{"line":108,"column":98}},"46":{"start":{"line":108,"column":45},"end":{"line":108,"column":71}},"47":{"start":{"line":111,"column":36},"end":{"line":111,"column":79}},"48":{"start":{"line":111,"column":62},"end":{"line":111,"column":77}},"49":{"start":{"line":112,"column":35},"end":{"line":112,"column":77}},"50":{"start":{"line":112,"column":61},"end":{"line":112,"column":75}},"51":{"start":{"line":114,"column":31},"end":{"line":119,"column":15}},"52":{"start":{"line":114,"column":50},"end":{"line":119,"column":14}},"53":{"start":{"line":122,"column":26},"end":{"line":131,"column":14}},"54":{"start":{"line":133,"column":31},"end":{"line":133,"column":86}},"55":{"start":{"line":136,"column":12},"end":{"line":142,"column":15}},"56":{"start":{"line":137,"column":54},"end":{"line":140,"column":18}},"57":{"start":{"line":145,"column":28},"end":{"line":150,"column":14}},"58":{"start":{"line":153,"column":12},"end":{"line":155,"column":15}},"59":{"start":{"line":157,"column":12},"end":{"line":157,"column":41}},"60":{"start":{"line":159,"column":12},"end":{"line":159,"column":30}},"61":{"start":{"line":161,"column":12},"end":{"line":161,"column":43}},"62":{"start":{"line":163,"column":12},"end":{"line":166,"column":13}},"63":{"start":{"line":164,"column":32},"end":{"line":164,"column":64}},"64":{"start":{"line":165,"column":16},"end":{"line":165,"column":57}},"65":{"start":{"line":167,"column":12},"end":{"line":167,"column":60}},"66":{"start":{"line":169,"column":12},"end":{"line":169,"column":31}},"67":{"start":{"line":171,"column":12},"end":{"line":171,"column":58}},"68":{"start":{"line":172,"column":12},"end":{"line":172,"column":33}},"69":{"start":{"line":182,"column":66},"end":{"line":182,"column":73}},"70":{"start":{"line":186,"column":19},"end":{"line":186,"column":54}},"71":{"start":{"line":187,"column":8},"end":{"line":187,"column":27}},"72":{"start":{"line":188,"column":8},"end":{"line":188,"column":36}},"73":{"start":{"line":190,"column":8},"end":{"line":273,"column":9}},"74":{"start":{"line":191,"column":26},"end":{"line":197,"column":14}},"75":{"start":{"line":199,"column":12},"end":{"line":201,"column":13}},"76":{"start":{"line":200,"column":16},"end":{"line":200,"column":65}},"77":{"start":{"line":204,"column":12},"end":{"line":206,"column":15}},"78":{"start":{"line":209,"column":12},"end":{"line":209,"column":90}},"79":{"start":{"line":211,"column":33},"end":{"line":214,"column":14}},"80":{"start":{"line":217,"column":28},"end":{"line":220,"column":14}},"81":{"start":{"line":221,"column":12},"end":{"line":221,"column":35}},"82":{"start":{"line":223,"column":12},"end":{"line":223,"column":41}},"83":{"start":{"line":226,"column":12},"end":{"line":237,"column":15}},"84":{"start":{"line":232,"column":56},"end":{"line":236,"column":18}},"85":{"start":{"line":239,"column":12},"end":{"line":239,"column":32}},"86":{"start":{"line":241,"column":12},"end":{"line":241,"column":43}},"87":{"start":{"line":244,"column":12},"end":{"line":253,"column":14}},"88":{"start":{"line":256,"column":12},"end":{"line":256,"column":89}},"89":{"start":{"line":259,"column":12},"end":{"line":263,"column":13}},"90":{"start":{"line":260,"column":16},"end":{"line":262,"column":19}},"91":{"start":{"line":265,"column":12},"end":{"line":268,"column":13}},"92":{"start":{"line":266,"column":32},"end":{"line":266,"column":64}},"93":{"start":{"line":267,"column":16},"end":{"line":267,"column":75}},"94":{"start":{"line":270,"column":12},"end":{"line":270,"column":60}},"95":{"start":{"line":272,"column":12},"end":{"line":272,"column":31}},"96":{"start":{"line":282,"column":36},"end":{"line":282,"column":43}},"97":{"start":{"line":285,"column":19},"end":{"line":285,"column":54}},"98":{"start":{"line":286,"column":8},"end":{"line":286,"column":27}},"99":{"start":{"line":287,"column":8},"end":{"line":287,"column":36}},"100":{"start":{"line":289,"column":8},"end":{"line":328,"column":9}},"101":{"start":{"line":290,"column":26},"end":{"line":292,"column":14}},"102":{"start":{"line":294,"column":12},"end":{"line":296,"column":13}},"103":{"start":{"line":295,"column":16},"end":{"line":295,"column":65}},"104":{"start":{"line":298,"column":12},"end":{"line":300,"column":13}},"105":{"start":{"line":299,"column":16},"end":{"line":299,"column":71}},"106":{"start":{"line":302,"column":12},"end":{"line":304,"column":15}},"107":{"start":{"line":306,"column":12},"end":{"line":306,"column":90}},"108":{"start":{"line":308,"column":12},"end":{"line":310,"column":15}},"109":{"start":{"line":312,"column":12},"end":{"line":312,"column":41}},"110":{"start":{"line":314,"column":33},"end":{"line":314,"column":113}},"111":{"start":{"line":316,"column":12},"end":{"line":316,"column":32}},"112":{"start":{"line":318,"column":12},"end":{"line":318,"column":43}},"113":{"start":{"line":320,"column":12},"end":{"line":323,"column":13}},"114":{"start":{"line":321,"column":32},"end":{"line":321,"column":64}},"115":{"start":{"line":322,"column":16},"end":{"line":322,"column":83}},"116":{"start":{"line":325,"column":12},"end":{"line":325,"column":68}},"117":{"start":{"line":327,"column":12},"end":{"line":327,"column":31}},"118":{"start":{"line":337,"column":22},"end":{"line":337,"column":110}},"119":{"start":{"line":338,"column":8},"end":{"line":340,"column":9}},"120":{"start":{"line":339,"column":12},"end":{"line":339,"column":61}},"121":{"start":{"line":342,"column":8},"end":{"line":342,"column":34}},"122":{"start":{"line":343,"column":8},"end":{"line":343,"column":76}},"123":{"start":{"line":14,"column":13},"end":{"line":14,"column":25}},"124":{"start":{"line":14,"column":13},"end":{"line":345,"column":null}}},"fnMap":{"0":{"name":"(anonymous_4)","decl":{"start":{"line":15,"column":4},"end":{"line":15,"column":null}},"loc":{"start":{"line":24,"column":75},"end":{"line":25,"column":8}}},"1":{"name":"(anonymous_5)","decl":{"start":{"line":27,"column":4},"end":{"line":27,"column":16}},"loc":{"start":{"line":27,"column":16},"end":{"line":29,"column":5}}},"2":{"name":"(anonymous_6)","decl":{"start":{"line":36,"column":4},"end":{"line":36,"column":9}},"loc":{"start":{"line":36,"column":83},"end":{"line":44,"column":5}}},"3":{"name":"(anonymous_7)","decl":{"start":{"line":51,"column":4},"end":{"line":51,"column":9}},"loc":{"start":{"line":51,"column":42},"end":{"line":53,"column":5}}},"4":{"name":"(anonymous_8)","decl":{"start":{"line":61,"column":4},"end":{"line":61,"column":9}},"loc":{"start":{"line":61,"column":71},"end":{"line":70,"column":5}}},"5":{"name":"(anonymous_9)","decl":{"start":{"line":78,"column":4},"end":{"line":78,"column":9}},"loc":{"start":{"line":78,"column":99},"end":{"line":174,"column":5}}},"6":{"name":"(anonymous_10)","decl":{"start":{"line":101,"column":98},"end":{"line":101,"column":99}},"loc":{"start":{"line":101,"column":103},"end":{"line":101,"column":114}}},"7":{"name":"(anonymous_11)","decl":{"start":{"line":107,"column":43},"end":{"line":107,"column":44}},"loc":{"start":{"line":107,"column":60},"end":{"line":109,"column":13}}},"8":{"name":"(anonymous_12)","decl":{"start":{"line":108,"column":40},"end":{"line":108,"column":41}},"loc":{"start":{"line":108,"column":45},"end":{"line":108,"column":71}}},"9":{"name":"(anonymous_13)","decl":{"start":{"line":111,"column":57},"end":{"line":111,"column":58}},"loc":{"start":{"line":111,"column":62},"end":{"line":111,"column":77}}},"10":{"name":"(anonymous_14)","decl":{"start":{"line":112,"column":56},"end":{"line":112,"column":57}},"loc":{"start":{"line":112,"column":61},"end":{"line":112,"column":75}}},"11":{"name":"(anonymous_15)","decl":{"start":{"line":114,"column":41},"end":{"line":114,"column":45}},"loc":{"start":{"line":114,"column":50},"end":{"line":119,"column":14}}},"12":{"name":"(anonymous_16)","decl":{"start":{"line":137,"column":45},"end":{"line":137,"column":49}},"loc":{"start":{"line":137,"column":54},"end":{"line":140,"column":18}}},"13":{"name":"(anonymous_17)","decl":{"start":{"line":181,"column":4},"end":{"line":181,"column":9}},"loc":{"start":{"line":181,"column":71},"end":{"line":274,"column":5}}},"14":{"name":"(anonymous_18)","decl":{"start":{"line":232,"column":47},"end":{"line":232,"column":51}},"loc":{"start":{"line":232,"column":56},"end":{"line":236,"column":18}}},"15":{"name":"(anonymous_19)","decl":{"start":{"line":281,"column":4},"end":{"line":281,"column":9}},"loc":{"start":{"line":281,"column":67},"end":{"line":329,"column":5}}},"16":{"name":"(anonymous_20)","decl":{"start":{"line":336,"column":4},"end":{"line":336,"column":9}},"loc":{"start":{"line":336,"column":95},"end":{"line":344,"column":5}}}},"branchMap":{"0":{"loc":{"start":{"line":68,"column":44},"end":{"line":68,"column":70}},"type":"binary-expr","locations":[{"start":{"line":68,"column":44},"end":{"line":68,"column":51}},{"start":{"line":68,"column":55},"end":{"line":68,"column":70}}]},"1":{"loc":{"start":{"line":90,"column":8},"end":{"line":93,"column":9}},"type":"if","locations":[{"start":{"line":90,"column":8},"end":{"line":93,"column":9}}]},"2":{"loc":{"start":{"line":102,"column":12},"end":{"line":104,"column":13}},"type":"if","locations":[{"start":{"line":102,"column":12},"end":{"line":104,"column":13}}]},"3":{"loc":{"start":{"line":163,"column":12},"end":{"line":166,"column":13}},"type":"if","locations":[{"start":{"line":163,"column":12},"end":{"line":166,"column":13}}]},"4":{"loc":{"start":{"line":199,"column":12},"end":{"line":201,"column":13}},"type":"if","locations":[{"start":{"line":199,"column":12},"end":{"line":201,"column":13}}]},"5":{"loc":{"start":{"line":259,"column":12},"end":{"line":263,"column":13}},"type":"if","locations":[{"start":{"line":259,"column":12},"end":{"line":263,"column":13}}]},"6":{"loc":{"start":{"line":265,"column":12},"end":{"line":268,"column":13}},"type":"if","locations":[{"start":{"line":265,"column":12},"end":{"line":268,"column":13}}]},"7":{"loc":{"start":{"line":267,"column":48},"end":{"line":267,"column":73}},"type":"binary-expr","locations":[{"start":{"line":267,"column":48},"end":{"line":267,"column":55}},{"start":{"line":267,"column":59},"end":{"line":267,"column":73}}]},"8":{"loc":{"start":{"line":294,"column":12},"end":{"line":296,"column":13}},"type":"if","locations":[{"start":{"line":294,"column":12},"end":{"line":296,"column":13}}]},"9":{"loc":{"start":{"line":298,"column":12},"end":{"line":300,"column":13}},"type":"if","locations":[{"start":{"line":298,"column":12},"end":{"line":300,"column":13}}]},"10":{"loc":{"start":{"line":320,"column":12},"end":{"line":323,"column":13}},"type":"if","locations":[{"start":{"line":320,"column":12},"end":{"line":323,"column":13}}]},"11":{"loc":{"start":{"line":322,"column":48},"end":{"line":322,"column":81}},"type":"binary-expr","locations":[{"start":{"line":322,"column":48},"end":{"line":322,"column":55}},{"start":{"line":322,"column":59},"end":{"line":322,"column":81}}]},"12":{"loc":{"start":{"line":338,"column":8},"end":{"line":340,"column":9}},"type":"if","locations":[{"start":{"line":338,"column":8},"end":{"line":340,"column":9}}]}},"s":{"0":1,"1":1,"2":1,"3":1,"4":1,"5":1,"6":1,"7":1,"8":1,"9":1,"10":1,"11":1,"12":11,"13":11,"14":11,"15":11,"16":11,"17":11,"18":0,"19":1,"20":1,"21":0,"22":0,"23":0,"24":0,"25":0,"26":0,"27":2,"28":2,"29":2,"30":2,"31":2,"32":2,"33":2,"34":0,"35":0,"36":2,"37":2,"38":2,"39":2,"40":2,"41":2,"42":2,"43":1,"44":1,"45":1,"46":1,"47":1,"48":1,"49":1,"50":1,"51":1,"52":1,"53":1,"54":1,"55":1,"56":1,"57":1,"58":1,"59":1,"60":1,"61":1,"62":1,"63":1,"64":1,"65":0,"66":2,"67":2,"68":2,"69":2,"70":2,"71":2,"72":2,"73":2,"74":2,"75":2,"76":1,"77":1,"78":1,"79":1,"80":1,"81":1,"82":1,"83":1,"84":1,"85":1,"86":1,"87":1,"88":1,"89":1,"90":0,"91":1,"92":1,"93":1,"94":0,"95":2,"96":3,"97":3,"98":3,"99":3,"100":3,"101":3,"102":3,"103":1,"104":2,"105":1,"106":1,"107":1,"108":1,"109":1,"110":1,"111":1,"112":2,"113":2,"114":2,"115":2,"116":0,"117":3,"118":2,"119":2,"120":1,"121":1,"122":1,"123":1,"124":1},"f":{"0":11,"1":0,"2":1,"3":1,"4":0,"5":2,"6":2,"7":1,"8":1,"9":1,"10":1,"11":1,"12":1,"13":2,"14":1,"15":3,"16":2},"b":{"0":[0,0],"1":[0],"2":[1],"3":[1],"4":[1],"5":[0],"6":[1],"7":[1,0],"8":[1],"9":[1],"10":[2],"11":[2,0],"12":[1]}}
}
