TN:
SF:apps/order/src/modules/order/order.service.ts
FN:15,(anonymous_4)
FN:27,(anonymous_5)
FN:36,(anonymous_6)
FN:51,(anonymous_7)
FN:61,(anonymous_8)
FN:78,(anonymous_9)
FN:101,(anonymous_10)
FN:107,(anonymous_11)
FN:108,(anonymous_12)
FN:111,(anonymous_13)
FN:112,(anonymous_14)
FN:114,(anonymous_15)
FN:137,(anonymous_16)
FN:181,(anonymous_17)
FN:232,(anonymous_18)
FN:281,(anonymous_19)
FN:336,(anonymous_20)
FNF:17
FNH:15
FNDA:11,(anonymous_4)
FNDA:0,(anonymous_5)
FNDA:1,(anonymous_6)
FNDA:1,(anonymous_7)
FNDA:0,(anonymous_8)
FNDA:2,(anonymous_9)
FNDA:2,(anonymous_10)
FNDA:1,(anonymous_11)
FNDA:1,(anonymous_12)
FNDA:1,(anonymous_13)
FNDA:1,(anonymous_14)
FNDA:1,(anonymous_15)
FNDA:1,(anonymous_16)
FNDA:2,(anonymous_17)
FNDA:1,(anonymous_18)
FNDA:3,(anonymous_19)
FNDA:2,(anonymous_20)
DA:1,1
DA:2,1
DA:3,1
DA:4,1
DA:5,1
DA:6,1
DA:7,1
DA:8,1
DA:9,1
DA:10,1
DA:11,1
DA:14,1
DA:16,11
DA:18,11
DA:20,11
DA:22,11
DA:23,11
DA:24,11
DA:28,0
DA:37,1
DA:52,1
DA:62,0
DA:63,0
DA:64,0
DA:65,0
DA:67,0
DA:68,0
DA:79,2
DA:82,2
DA:83,2
DA:86,2
DA:87,2
DA:88,2
DA:90,2
DA:91,0
DA:92,0
DA:95,2
DA:96,2
DA:97,2
DA:99,2
DA:101,2
DA:102,2
DA:103,1
DA:107,1
DA:108,1
DA:111,1
DA:112,1
DA:114,1
DA:122,1
DA:133,1
DA:136,1
DA:137,1
DA:145,1
DA:153,1
DA:157,1
DA:159,1
DA:161,1
DA:163,1
DA:164,1
DA:165,1
DA:167,0
DA:169,2
DA:171,2
DA:172,2
DA:182,2
DA:186,2
DA:187,2
DA:188,2
DA:190,2
DA:191,2
DA:199,2
DA:200,1
DA:204,1
DA:209,1
DA:211,1
DA:217,1
DA:221,1
DA:223,1
DA:226,1
DA:232,1
DA:239,1
DA:241,1
DA:244,1
DA:256,1
DA:259,1
DA:260,0
DA:265,1
DA:266,1
DA:267,1
DA:270,0
DA:272,2
DA:282,3
DA:285,3
DA:286,3
DA:287,3
DA:289,3
DA:290,3
DA:294,3
DA:295,1
DA:298,2
DA:299,1
DA:302,1
DA:306,1
DA:308,1
DA:312,1
DA:314,1
DA:316,1
DA:318,2
DA:320,2
DA:321,2
DA:322,2
DA:325,0
DA:327,3
DA:337,2
DA:338,2
DA:339,1
DA:342,1
DA:343,1
LF:118
LH:105
BRDA:68,0,0,0
BRDA:68,0,1,0
BRDA:90,1,0,0
BRDA:102,2,0,1
BRDA:163,3,0,1
BRDA:199,4,0,1
BRDA:259,5,0,0
BRDA:265,6,0,1
BRDA:267,7,0,1
BRDA:267,7,1,0
BRDA:294,8,0,1
BRDA:298,9,0,1
BRDA:320,10,0,2
BRDA:322,11,0,2
BRDA:322,11,1,0
BRDA:338,12,0,1
BRF:16
BRH:10
end_of_record
