TN:
SF:apps/user/src/modules/auth/auth.controller.ts
FN:9,(anonymous_4)
FN:13,(anonymous_5)
FN:17,(anonymous_6)
FNF:3
FNH:3
FNDA:2,(anonymous_4)
FNDA:1,(anonymous_5)
FNDA:1,(anonymous_6)
DA:1,1
DA:2,1
DA:4,1
DA:8,1
DA:9,2
DA:13,1
DA:17,1
DA:18,1
LF:8
LH:8
BRF:0
BRH:0
end_of_record
TN:
SF:apps/user/src/modules/user/user.controller.ts
FN:8,(anonymous_2)
FN:10,(anonymous_3)
FN:14,(anonymous_4)
FN:18,(anonymous_5)
FN:22,(anonymous_6)
FNF:5
FNH:5
FNDA:4,(anonymous_2)
FNDA:1,(anonymous_3)
FNDA:1,(anonymous_4)
FNDA:1,(anonymous_5)
FNDA:1,(anonymous_6)
DA:1,1
DA:2,1
DA:3,1
DA:7,1
DA:8,4
DA:11,1
DA:15,1
DA:19,1
DA:23,1
LF:9
LH:9
BRF:0
BRH:0
end_of_record
TN:
SF:apps/user/src/modules/user/user.service.ts
FN:18,(anonymous_4)
FN:36,(anonymous_5)
FN:60,(anonymous_6)
FN:74,(anonymous_7)
FN:101,(anonymous_8)
FN:182,(anonymous_9)
FN:198,(anonymous_10)
FN:207,(anonymous_11)
FN:216,(anonymous_12)
FN:226,(anonymous_13)
FNF:10
FNH:10
FNDA:14,(anonymous_4)
FNDA:2,(anonymous_5)
FNDA:2,(anonymous_6)
FNDA:2,(anonymous_7)
FNDA:2,(anonymous_8)
FNDA:1,(anonymous_9)
FNDA:1,(anonymous_10)
FNDA:1,(anonymous_11)
FNDA:1,(anonymous_12)
FNDA:2,(anonymous_13)
DA:1,3
DA:3,3
DA:4,3
DA:5,3
DA:6,3
DA:7,3
DA:8,3
DA:9,3
DA:12,3
DA:19,14
DA:21,14
DA:22,14
DA:23,14
DA:25,14
DA:26,14
DA:27,14
DA:28,14
DA:37,2
DA:44,2
DA:45,1
DA:49,1
DA:52,1
DA:61,2
DA:62,2
DA:64,1
DA:78,2
DA:83,2
DA:85,2
DA:86,1
DA:89,1
DA:102,2
DA:112,2
DA:183,1
DA:184,1
DA:185,1
DA:186,1
DA:188,0
DA:189,0
DA:199,1
DA:200,1
DA:208,1
DA:217,1
DA:218,1
DA:227,2
DA:229,2
DA:231,2
DA:232,1
DA:236,1
DA:238,1
LF:49
LH:47
BRDA:44,0,0,1
BRDA:85,1,0,1
BRDA:108,2,0,1
BRDA:108,2,1,1
BRDA:113,3,0,1
BRDA:113,3,1,1
BRDA:114,4,0,1
BRDA:114,4,1,1
BRDA:183,5,0,1
BRDA:183,5,1,0
BRDA:231,6,0,1
BRF:11
BRH:10
end_of_record
