{"/Volumes/onudev/playground/nestjs-msa/apps/payment/src/modules/payment/payment.service.ts": {"path":"/Volumes/onudev/playground/nestjs-msa/apps/payment/src/modules/payment/payment.service.ts","statementMap":{"0":{"start":{"line":7,"column":0},"end":{"line":7,"column":44}},"1":{"start":{"line":8,"column":0},"end":{"line":8,"column":51}},"2":{"start":{"line":9,"column":0},"end":{"line":9,"column":37}},"3":{"start":{"line":10,"column":0},"end":{"line":10,"column":62}},"4":{"start":{"line":11,"column":0},"end":{"line":11,"column":50}},"5":{"start":{"line":12,"column":0},"end":{"line":12,"column":63}},"6":{"start":{"line":15,"column":7},"end":{"line":154,"column":null}},"7":{"start":{"line":16,"column":53},"end":{"line":16,"column":65}},"8":{"start":{"line":24,"column":24},"end":{"line":30,"column":10}},"9":{"start":{"line":31,"column":8},"end":{"line":31,"column":74}},"10":{"start":{"line":40,"column":19},"end":{"line":40,"column":54}},"11":{"start":{"line":41,"column":8},"end":{"line":41,"column":27}},"12":{"start":{"line":42,"column":8},"end":{"line":42,"column":36}},"13":{"start":{"line":44,"column":8},"end":{"line":73,"column":9}},"14":{"start":{"line":45,"column":28},"end":{"line":50,"column":14}},"15":{"start":{"line":52,"column":12},"end":{"line":54,"column":13}},"16":{"start":{"line":53,"column":16},"end":{"line":53,"column":68}},"17":{"start":{"line":56,"column":12},"end":{"line":56,"column":71}},"18":{"start":{"line":57,"column":12},"end":{"line":57,"column":66}},"19":{"start":{"line":59,"column":12},"end":{"line":59,"column":72}},"20":{"start":{"line":61,"column":12},"end":{"line":61,"column":41}},"21":{"start":{"line":63,"column":33},"end":{"line":65,"column":14}},"22":{"start":{"line":67,"column":12},"end":{"line":67,"column":32}},"23":{"start":{"line":69,"column":12},"end":{"line":69,"column":43}},"24":{"start":{"line":70,"column":12},"end":{"line":70,"column":24}},"25":{"start":{"line":72,"column":12},"end":{"line":72,"column":31}},"26":{"start":{"line":82,"column":19},"end":{"line":82,"column":54}},"27":{"start":{"line":83,"column":8},"end":{"line":83,"column":27}},"28":{"start":{"line":84,"column":8},"end":{"line":84,"column":36}},"29":{"start":{"line":86,"column":8},"end":{"line":112,"column":9}},"30":{"start":{"line":87,"column":28},"end":{"line":92,"column":14}},"31":{"start":{"line":93,"column":12},"end":{"line":95,"column":13}},"32":{"start":{"line":94,"column":16},"end":{"line":94,"column":68}},"33":{"start":{"line":97,"column":12},"end":{"line":97,"column":72}},"34":{"start":{"line":98,"column":12},"end":{"line":98,"column":72}},"35":{"start":{"line":100,"column":12},"end":{"line":100,"column":41}},"36":{"start":{"line":102,"column":33},"end":{"line":104,"column":14}},"37":{"start":{"line":106,"column":12},"end":{"line":106,"column":32}},"38":{"start":{"line":108,"column":12},"end":{"line":108,"column":43}},"39":{"start":{"line":109,"column":12},"end":{"line":109,"column":24}},"40":{"start":{"line":111,"column":12},"end":{"line":111,"column":31}},"41":{"start":{"line":121,"column":19},"end":{"line":121,"column":54}},"42":{"start":{"line":122,"column":8},"end":{"line":122,"column":27}},"43":{"start":{"line":123,"column":8},"end":{"line":123,"column":36}},"44":{"start":{"line":125,"column":8},"end":{"line":152,"column":9}},"45":{"start":{"line":126,"column":28},"end":{"line":131,"column":14}},"46":{"start":{"line":133,"column":12},"end":{"line":135,"column":13}},"47":{"start":{"line":134,"column":16},"end":{"line":134,"column":68}},"48":{"start":{"line":137,"column":12},"end":{"line":137,"column":70}},"49":{"start":{"line":138,"column":12},"end":{"line":138,"column":72}},"50":{"start":{"line":140,"column":12},"end":{"line":140,"column":41}},"51":{"start":{"line":142,"column":33},"end":{"line":144,"column":14}},"52":{"start":{"line":146,"column":12},"end":{"line":146,"column":32}},"53":{"start":{"line":148,"column":12},"end":{"line":148,"column":43}},"54":{"start":{"line":149,"column":12},"end":{"line":149,"column":24}},"55":{"start":{"line":151,"column":12},"end":{"line":151,"column":31}},"56":{"start":{"line":15,"column":13},"end":{"line":15,"column":27}},"57":{"start":{"line":15,"column":13},"end":{"line":154,"column":null}}},"fnMap":{"0":{"name":"(anonymous_4)","decl":{"start":{"line":16,"column":4},"end":{"line":16,"column":17}},"loc":{"start":{"line":16,"column":75},"end":{"line":16,"column":79}}},"1":{"name":"(anonymous_5)","decl":{"start":{"line":23,"column":4},"end":{"line":23,"column":9}},"loc":{"start":{"line":23,"column":53},"end":{"line":32,"column":5}}},"2":{"name":"(anonymous_6)","decl":{"start":{"line":39,"column":4},"end":{"line":39,"column":9}},"loc":{"start":{"line":39,"column":55},"end":{"line":74,"column":5}}},"3":{"name":"(anonymous_7)","decl":{"start":{"line":81,"column":4},"end":{"line":81,"column":9}},"loc":{"start":{"line":81,"column":53},"end":{"line":113,"column":5}}},"4":{"name":"(anonymous_8)","decl":{"start":{"line":120,"column":4},"end":{"line":120,"column":9}},"loc":{"start":{"line":120,"column":49},"end":{"line":153,"column":5}}}},"branchMap":{"0":{"loc":{"start":{"line":52,"column":12},"end":{"line":54,"column":13}},"type":"if","locations":[{"start":{"line":52,"column":12},"end":{"line":54,"column":13}}]},"1":{"loc":{"start":{"line":93,"column":12},"end":{"line":95,"column":13}},"type":"if","locations":[{"start":{"line":93,"column":12},"end":{"line":95,"column":13}}]},"2":{"loc":{"start":{"line":133,"column":12},"end":{"line":135,"column":13}},"type":"if","locations":[{"start":{"line":133,"column":12},"end":{"line":135,"column":13}}]}},"s":{"0":1,"1":1,"2":1,"3":1,"4":1,"5":1,"6":1,"7":7,"8":1,"9":1,"10":2,"11":2,"12":2,"13":2,"14":2,"15":2,"16":1,"17":1,"18":1,"19":1,"20":1,"21":1,"22":1,"23":1,"24":1,"25":2,"26":2,"27":2,"28":2,"29":2,"30":2,"31":2,"32":1,"33":1,"34":1,"35":1,"36":1,"37":1,"38":1,"39":1,"40":2,"41":2,"42":2,"43":2,"44":2,"45":2,"46":2,"47":1,"48":1,"49":1,"50":1,"51":1,"52":1,"53":1,"54":1,"55":2,"56":1,"57":1},"f":{"0":7,"1":1,"2":2,"3":2,"4":2},"b":{"0":[1],"1":[1],"2":[1]}}
}
