TN:
SF:apps/payment/src/modules/payment/payment.service.ts
FN:16,(anonymous_4)
FN:23,(anonymous_5)
FN:39,(anonymous_6)
FN:81,(anonymous_7)
FN:120,(anonymous_8)
FNF:5
FNH:5
FNDA:7,(anonymous_4)
FNDA:1,(anonymous_5)
FNDA:2,(anonymous_6)
FNDA:2,(anonymous_7)
FNDA:2,(anonymous_8)
DA:7,1
DA:8,1
DA:9,1
DA:10,1
DA:11,1
DA:12,1
DA:15,1
DA:16,7
DA:24,1
DA:31,1
DA:40,2
DA:41,2
DA:42,2
DA:44,2
DA:45,2
DA:52,2
DA:53,1
DA:56,1
DA:57,1
DA:59,1
DA:61,1
DA:63,1
DA:67,1
DA:69,1
DA:70,1
DA:72,2
DA:82,2
DA:83,2
DA:84,2
DA:86,2
DA:87,2
DA:93,2
DA:94,1
DA:97,1
DA:98,1
DA:100,1
DA:102,1
DA:106,1
DA:108,1
DA:109,1
DA:111,2
DA:121,2
DA:122,2
DA:123,2
DA:125,2
DA:126,2
DA:133,2
DA:134,1
DA:137,1
DA:138,1
DA:140,1
DA:142,1
DA:146,1
DA:148,1
DA:149,1
DA:151,2
LF:56
LH:56
BRDA:52,0,0,1
BRDA:93,1,0,1
BRDA:133,2,0,1
BRF:3
BRH:3
end_of_record
